2024-08-30T13:47:53.966Z [info]: Iniciando scraping para o termo: "c++"
2024-08-30T13:47:55.860Z [info]: Iniciando scraping para Udemy com o termo: c++
2024-08-30T13:48:27.599Z [info]: Iniciando scraping para o termo: "c++"
2024-08-30T13:48:27.602Z [info]: Iniciando scraping para Udemy com o termo: c++
2024-08-30T13:48:49.727Z [info]: Iniciando scraping para o termo: "c++"
2024-08-30T13:48:49.730Z [info]: Iniciando scraping para Udemy com o termo: c++
2024-08-30T13:50:45.075Z [error]: Erro ao scrapear a Udemy: Waiting for selector `.course-card--main-content` failed: Waiting failed: 30000ms exceeded
2024-08-30T14:06:45.309Z [info]: Iniciando scraping para o termo: "c++"
2024-08-30T14:06:45.313Z [info]: Iniciando scraping para Udemy com o termo: c++
2024-08-30T14:08:17.614Z [info]: Iniciando scraping para o termo: "c++"
2024-08-30T14:08:17.617Z [info]: Iniciando scraping para Udemy com o termo: c++
2024-08-30T14:08:38.498Z [info]: Iniciando scraping para o termo: "c++"
2024-08-30T14:08:38.500Z [info]: Iniciando scraping para Udemy com o termo: c++
2024-08-30T14:09:06.011Z [info]: Iniciando scraping para o termo: "c++"
2024-08-30T14:09:06.014Z [info]: Iniciando scraping para Udemy com o termo: c++
2024-08-30T14:09:33.909Z [info]: Iniciando scraping para o termo: "c++"
2024-08-30T14:09:33.911Z [info]: Iniciando scraping para Udemy com o termo: c++
2024-08-30T14:09:47.651Z [info]: Iniciando scraping para o termo: "c++"
2024-08-30T14:09:47.654Z [info]: Iniciando scraping para Udemy com o termo: c++
2024-08-30T14:10:44.838Z [error]: Erro ao scrapear a Udemy: Waiting for selector `.course-card--main-content` failed: Waiting failed: 30000ms exceeded
2024-08-30T14:13:14.603Z [info]: Iniciando scraping para o termo: "c++"
2024-08-30T14:13:14.605Z [info]: Iniciando scraping para Udemy com o termo: c++
2024-08-30T14:15:39.942Z [error]: Erro ao scrapear a Udemy: Waiting for selector `.course-card--main-content` failed: Waiting failed: 30000ms exceeded
2024-08-30T14:17:50.324Z [info]: Iniciando scraping para o termo: "c++"
2024-08-30T14:17:50.326Z [info]: Iniciando scraping para Udemy com o termo: c++
2024-08-30T14:23:28.637Z [info]: Iniciando scraping para o termo: "c++"
2024-08-30T14:23:28.639Z [info]: Iniciando scraping para Udemy com o termo: c++
2024-08-30T14:26:44.888Z [info]: Iniciando scraping para o termo: "c++"
2024-08-30T14:26:44.891Z [info]: Iniciando scraping para Udemy com o termo: c++
2024-08-30T14:29:04.145Z [error]: Erro ao scrapear a Udemy: Waiting for selector `.popper-module--popper--mM5Ie` failed: Waiting failed: 60000ms exceeded
2024-08-30T14:31:03.943Z [info]: Iniciando scraping para o termo: "c++"
2024-08-30T14:31:03.946Z [info]: Iniciando scraping para Udemy com o termo: c++
2024-08-30T14:32:12.944Z [error]: Erro ao scrapear a Udemy: Waiting for selector `div[data-purpose="search-results"]` failed: Waiting failed: 60000ms exceeded
2024-08-30T14:40:03.065Z [info]: Iniciando scraping para o termo: "c++"
2024-08-30T14:40:03.068Z [info]: Iniciando scraping para Udemy com o termo: c++
2024-08-30T14:40:41.595Z [info]: Iniciando scraping para o termo: "c++"
2024-08-30T14:40:41.598Z [info]: Iniciando scraping para Udemy com o termo: c++
2024-08-30T14:41:10.092Z [info]: Iniciando scraping para o termo: "c++"
2024-08-30T14:41:10.095Z [info]: Iniciando scraping para Udemy com o termo: c++
2024-08-30T14:42:53.976Z [info]: Iniciando scraping para o termo: "c++"
2024-08-30T14:42:53.979Z [info]: Iniciando scraping para Udemy com o termo: c++
2024-08-30T14:43:02.602Z [info]: Scraping completo. 0 cursos encontrados.
2024-08-30T14:43:07.249Z [info]: Scraping completo. 0 cursos encontrados.
2024-08-30T14:43:52.584Z [info]: Iniciando scraping para o termo: "c++"
2024-08-30T14:43:52.587Z [info]: Iniciando scraping para Udemy com o termo: c++
2024-08-30T14:43:57.992Z [error]: Erro ao scrapear a Udemy: nodes_1 is not defined
2024-08-30T14:44:27.142Z [info]: Iniciando scraping para o termo: "c++"
2024-08-30T14:44:27.145Z [info]: Iniciando scraping para Udemy com o termo: c++
2024-08-30T14:44:58.834Z [info]: Iniciando scraping para o termo: "c++"
2024-08-30T14:44:58.836Z [info]: Iniciando scraping para Udemy com o termo: c++
2024-08-30T14:45:05.688Z [error]: Erro ao scrapear a Udemy: nodes_1 is not defined
2024-08-30T14:45:46.725Z [info]: Iniciando scraping para o termo: "c++"
2024-08-30T14:45:46.727Z [info]: Iniciando scraping para Udemy com o termo: c++
2024-08-30T14:46:17.071Z [info]: Iniciando scraping para o termo: "c++"
2024-08-30T14:46:17.074Z [info]: Iniciando scraping para Udemy com o termo: c++
2024-08-30T14:49:20.457Z [info]: Iniciando scraping para o termo: "c++"
2024-08-30T14:49:20.460Z [info]: Iniciando scraping para Udemy com o termo: c++
2024-08-30T14:49:53.224Z [info]: Iniciando scraping para o termo: "c++"
2024-08-30T14:49:53.227Z [info]: Iniciando scraping para Udemy com o termo: c++
2024-08-30T14:50:16.271Z [info]: Scraping completo. 0 cursos encontrados.
2024-08-30T14:50:48.515Z [info]: Iniciando scraping para o termo: "c++"
2024-08-30T14:50:48.517Z [info]: Iniciando scraping para Udemy com o termo: c++
2024-08-30T14:51:19.685Z [info]: Iniciando scraping para o termo: "c++"
2024-08-30T14:51:19.689Z [info]: Iniciando scraping para Udemy com o termo: c++
2024-08-30T14:51:22.651Z [info]: Scraping completo. 0 cursos encontrados.
2024-08-30T14:54:15.765Z [info]: Iniciando scraping para o termo: "c++"
2024-08-30T14:54:15.768Z [info]: Iniciando scraping para Udemy com o termo: c++
2024-08-30T14:54:18.486Z [info]: Scraping completo. 0 cursos encontrados.
2024-08-30T14:54:29.825Z [info]: Iniciando scraping para o termo: "c++"
2024-08-30T14:54:29.828Z [info]: Iniciando scraping para Udemy com o termo: c++
2024-08-30T14:54:44.517Z [info]: Scraping completo. 0 cursos encontrados.
2024-08-30T14:55:55.601Z [info]: Iniciando scraping para o termo: "c++"
2024-08-30T14:55:55.604Z [info]: Iniciando scraping para Udemy com o termo: c++
2024-08-30T14:55:57.081Z [info]: Scraping completo. 0 cursos encontrados.
2024-08-30T14:56:41.553Z [info]: Iniciando scraping para o termo: "c++"
2024-08-30T14:56:41.556Z [info]: Iniciando scraping para Udemy com o termo: c++
2024-08-30T14:56:44.676Z [info]: Scraping completo. 0 cursos encontrados.
2024-08-30T14:57:13.913Z [info]: Iniciando scraping para o termo: "c++"
2024-08-30T14:57:13.916Z [info]: Iniciando scraping para Udemy com o termo: c++
2024-08-30T15:02:35.619Z [error]: Erro ao scrapear a Udemy: Execution context was destroyed, most likely because of a navigation.
2024-08-30T15:06:33.691Z [info]: Iniciando scraping para o termo: "c++"
2024-08-30T15:06:33.694Z [info]: Iniciando scraping para Udemy com o termo: c++
2024-08-30T15:06:39.125Z [info]: Scraping completo. 0 cursos encontrados.
2024-08-30T15:06:57.774Z [info]: Iniciando scraping para o termo: "c++"
2024-08-30T15:06:57.776Z [info]: Iniciando scraping para Udemy com o termo: c++
2024-08-30T15:07:03.209Z [info]: Iniciando scraping para o termo: "c++"
2024-08-30T15:07:03.211Z [info]: Iniciando scraping para Udemy com o termo: c++
2024-08-30T15:07:08.419Z [info]: Scraping completo. 0 cursos encontrados.
2024-08-30T15:07:44.611Z [info]: Iniciando scraping para o termo: "c++"
2024-08-30T15:07:44.613Z [info]: Iniciando scraping para Udemy com o termo: c++
2024-08-30T15:08:35.913Z [info]: Scraping completo. 0 cursos encontrados.
2024-08-30T15:09:53.617Z [info]: Iniciando scraping para o termo: "c++"
2024-08-30T15:09:53.620Z [info]: Iniciando scraping para Udemy com o termo: c++
2024-08-30T15:10:00.561Z [info]: Scraping completo. 0 cursos encontrados.
2024-08-30T15:10:28.755Z [info]: Iniciando scraping para o termo: "c++"
2024-08-30T15:10:28.758Z [info]: Iniciando scraping para Udemy com o termo: c++
2024-08-30T15:10:47.699Z [info]: Scraping completo. 0 cursos encontrados.
2024-08-30T15:11:04.107Z [info]: Iniciando scraping para o termo: "c++"
2024-08-30T15:11:04.110Z [info]: Iniciando scraping para Udemy com o termo: c++
2024-08-30T15:11:27.939Z [info]: Scraping completo. 0 cursos encontrados.
2024-08-30T15:11:43.249Z [info]: Iniciando scraping para o termo: "c++"
2024-08-30T15:11:43.252Z [info]: Iniciando scraping para Udemy com o termo: c++
2024-08-30T15:11:51.306Z [info]: Scraping completo. 0 cursos encontrados.
2024-08-30T15:12:04.859Z [info]: Iniciando scraping para o termo: "c++"
2024-08-30T15:12:04.862Z [info]: Iniciando scraping para Udemy com o termo: c++
2024-08-30T15:12:17.646Z [info]: Scraping completo. 0 cursos encontrados.
2024-08-30T15:12:26.716Z [info]: Iniciando scraping para o termo: "c++"
2024-08-30T15:12:26.719Z [info]: Iniciando scraping para Udemy com o termo: c++
2024-08-30T15:12:55.433Z [info]: Scraping completo. 0 cursos encontrados.
2024-08-30T15:13:10.124Z [info]: Iniciando scraping para o termo: "c++"
2024-08-30T15:13:10.126Z [info]: Iniciando scraping para Udemy com o termo: c++
2024-08-30T15:13:40.636Z [info]: Scraping completo. 0 cursos encontrados.
2024-08-30T15:14:01.139Z [info]: Iniciando scraping para o termo: "c++"
2024-08-30T15:14:01.142Z [info]: Iniciando scraping para Udemy com o termo: c++
2024-08-30T15:14:15.756Z [info]: Scraping completo. 0 cursos encontrados.
2024-08-30T15:14:40.833Z [info]: Iniciando scraping para o termo: "c++"
2024-08-30T15:14:40.836Z [info]: Iniciando scraping para Udemy com o termo: c++
2024-08-30T15:17:33.495Z [info]: Iniciando scraping para o termo: "c++"
2024-08-30T15:17:33.498Z [info]: Iniciando scraping para Udemy com o termo: c++
2024-08-30T15:17:44.547Z [info]: Scraping completo. 0 cursos encontrados.
2024-08-30T15:18:14.420Z [info]: Iniciando scraping para o termo: "c++"
2024-08-30T15:18:14.423Z [info]: Iniciando scraping para Udemy com o termo: c++
2024-08-30T15:23:19.483Z [info]: Iniciando scraping para o termo: "c++"
2024-08-30T15:23:19.486Z [info]: Iniciando scraping para Udemy com o termo: c++
2024-08-30T15:23:23.881Z [error]: Erro ao scrapear a Udemy: Attempted to use detached Frame '09A92673C840B78AD2D4751679A3E08F'.
2024-08-30T15:26:17.081Z [info]: Iniciando scraping para o termo: "c++"
2024-08-30T15:26:17.084Z [info]: Iniciando scraping para Udemy com o termo: c++
2024-08-30T15:26:23.324Z [info]: Scraping completo. 0 cursos encontrados.
2024-08-30T15:26:29.940Z [info]: Scraping completo. 0 cursos encontrados.
2024-08-30T15:26:49.975Z [info]: Iniciando scraping para o termo: "c++"
2024-08-30T15:26:49.978Z [info]: Iniciando scraping para Udemy com o termo: c++
2024-08-30T15:27:36.473Z [info]: Iniciando scraping para o termo: "c++"
2024-08-30T15:27:36.476Z [info]: Iniciando scraping para Udemy com o termo: c++
2024-08-30T15:28:59.533Z [info]: Scraping completo. 0 cursos encontrados.
2024-08-30T15:29:07.227Z [info]: Iniciando scraping para o termo: "c++"
2024-08-30T15:29:07.230Z [info]: Iniciando scraping para Udemy com o termo: c++
2024-08-30T15:29:32.238Z [info]: Scraping completo. 0 cursos encontrados.
2024-08-30T15:29:36.528Z [info]: Iniciando scraping para o termo: "c++"
2024-08-30T15:29:36.530Z [info]: Iniciando scraping para Udemy com o termo: c++
2024-08-30T15:29:47.760Z [info]: Scraping completo. 0 cursos encontrados.
2024-08-30T15:31:15.490Z [info]: Iniciando scraping para o termo: "c++"
2024-08-30T15:31:15.492Z [info]: Iniciando scraping para Udemy com o termo: c++
2024-08-30T15:31:33.042Z [info]: Scraping completo. 0 cursos encontrados.
2024-08-30T15:32:40.093Z [info]: Iniciando scraping para o termo: "c++"
2024-08-30T15:32:40.095Z [info]: Iniciando scraping para Udemy com o termo: c++
2024-08-30T15:34:07.032Z [info]: Iniciando scraping para o termo: "c++"
2024-08-30T15:34:07.035Z [info]: Iniciando scraping para Udemy com o termo: c++
2024-08-30T15:35:56.538Z [info]: Iniciando scraping para o termo: "c++"
2024-08-30T15:35:56.541Z [info]: Iniciando scraping para Udemy com o termo: c++
2024-08-30T15:37:19.209Z [info]: Iniciando scraping para o termo: "c++"
2024-08-30T15:37:19.211Z [info]: Iniciando scraping para Udemy com o termo: c++
2024-08-30T15:37:39.905Z [info]: Iniciando scraping para o termo: "c++"
2024-08-30T15:37:39.907Z [info]: Iniciando scraping para Udemy com o termo: c++
2024-08-30T15:38:54.904Z [info]: Iniciando scraping para o termo: "c++"
2024-08-30T15:38:54.906Z [info]: Iniciando scraping para Udemy com o termo: c++
2024-08-30T15:39:02.767Z [info]: Iniciando scraping para o termo: "c++"
2024-08-30T15:39:02.770Z [info]: Iniciando scraping para Udemy com o termo: c++
2024-08-30T15:39:24.527Z [info]: Iniciando scraping para o termo: "c++"
2024-08-30T15:39:24.529Z [info]: Iniciando scraping para Udemy com o termo: c++
2024-08-30T15:39:44.883Z [info]: Iniciando scraping para o termo: "c++"
2024-08-30T15:39:44.885Z [info]: Iniciando scraping para Udemy com o termo: c++
2024-08-30T15:39:50.376Z [error]: Erro ao scrapear a Udemy: Attempted to use detached Frame '610C5D595E5403E54F6065865E6B0F86'.
2024-08-30T15:41:03.808Z [info]: Scraping completo. 0 cursos encontrados.
2024-08-30T15:42:16.279Z [info]: Iniciando scraping para o termo: "c++"
2024-08-30T15:42:16.281Z [info]: Iniciando scraping para Udemy com o termo: c++
2024-08-30T15:42:31.721Z [info]: Iniciando scraping para o termo: "c++"
2024-08-30T15:42:31.723Z [info]: Iniciando scraping para Udemy com o termo: c++
2024-08-30T15:42:40.940Z [info]: Scraping completo. 0 cursos encontrados.
2024-08-30T15:42:49.508Z [info]: Scraping completo. 0 cursos encontrados.
2024-08-30T15:42:53.071Z [info]: Scraping completo. 0 cursos encontrados.
2024-08-30T15:42:54.368Z [info]: Scraping completo. 0 cursos encontrados.
2024-08-30T15:43:04.204Z [info]: Iniciando scraping para o termo: "c++"
2024-08-30T15:43:04.206Z [info]: Iniciando scraping para Udemy com o termo: c++
2024-08-30T15:43:08.067Z [info]: Scraping completo. 0 cursos encontrados.
2024-08-30T15:43:30.261Z [info]: Iniciando scraping para o termo: "c++"
2024-08-30T15:43:30.263Z [info]: Iniciando scraping para Udemy com o termo: c++
2024-08-30T15:43:34.375Z [info]: Scraping completo. 0 cursos encontrados.
2024-08-30T15:43:45.428Z [info]: Iniciando scraping para o termo: "c++"
2024-08-30T15:43:45.431Z [info]: Iniciando scraping para Udemy com o termo: c++
2024-08-30T15:43:50.060Z [info]: Scraping completo. 0 cursos encontrados.
2024-08-30T15:44:10.183Z [info]: Iniciando scraping para o termo: "c++"
2024-08-30T15:44:10.185Z [info]: Iniciando scraping para Udemy com o termo: c++
2024-08-30T15:44:13.957Z [info]: Scraping completo. 0 cursos encontrados.
2024-08-30T15:44:24.821Z [info]: Iniciando scraping para o termo: "c++"
2024-08-30T15:44:24.823Z [info]: Iniciando scraping para Udemy com o termo: c++
2024-08-30T15:44:27.810Z [info]: Scraping completo. 0 cursos encontrados.
2024-08-30T15:44:38.325Z [info]: Iniciando scraping para o termo: "c++"
2024-08-30T15:44:38.328Z [info]: Iniciando scraping para Udemy com o termo: c++
2024-08-30T15:44:48.500Z [info]: Scraping completo. 0 cursos encontrados.
2024-08-30T15:45:08.371Z [info]: Iniciando scraping para o termo: "c++"
2024-08-30T15:45:08.373Z [info]: Iniciando scraping para Udemy com o termo: c++
2024-08-30T15:45:12.601Z [info]: Scraping completo. 0 cursos encontrados.
2024-08-30T15:45:22.707Z [info]: Iniciando scraping para o termo: "c++"
2024-08-30T15:45:22.710Z [info]: Iniciando scraping para Udemy com o termo: c++
2024-08-30T15:45:26.678Z [error]: Erro ao scrapear a Udemy: Execution context was destroyed
2024-08-30T15:45:39.666Z [info]: Iniciando scraping para o termo: "c++"
2024-08-30T15:45:39.669Z [info]: Iniciando scraping para Udemy com o termo: c++
2024-08-30T15:45:46.458Z [info]: Scraping completo. 0 cursos encontrados.
2024-08-30T15:46:39.680Z [info]: Iniciando scraping para o termo: "c++"
2024-08-30T15:46:39.683Z [info]: Iniciando scraping para Udemy com o termo: c++
2024-08-30T15:46:43.218Z [info]: Scraping completo. 0 cursos encontrados.
2024-08-30T15:47:32.386Z [info]: Iniciando scraping para o termo: "c++"
2024-08-30T15:47:32.388Z [info]: Iniciando scraping para Udemy com o termo: c++
2024-08-30T15:47:36.722Z [info]: Scraping completo. 0 cursos encontrados.
2024-08-30T15:47:54.665Z [info]: Iniciando scraping para o termo: "c++"
2024-08-30T15:47:54.667Z [info]: Iniciando scraping para Udemy com o termo: c++
2024-08-30T15:48:02.850Z [info]: Scraping completo. 0 cursos encontrados.
2024-08-30T15:49:00.647Z [info]: Iniciando scraping para o termo: "c++"
2024-08-30T15:49:00.650Z [info]: Iniciando scraping para Udemy com o termo: c++
2024-08-30T15:49:30.612Z [info]: Scraping completo. 0 cursos encontrados.
2024-08-30T15:49:33.321Z [info]: Iniciando scraping para o termo: "c++"
2024-08-30T15:49:33.324Z [info]: Iniciando scraping para Udemy com o termo: c++
2024-08-30T15:49:36.799Z [error]: Erro ao scrapear a Udemy: Attempted to use detached Frame '06B39BC5E097C0FCF5A794063CD9FF18'.
2024-08-30T15:49:59.914Z [info]: Iniciando scraping para o termo: "c++"
2024-08-30T15:49:59.917Z [info]: Iniciando scraping para Udemy com o termo: c++
2024-08-30T15:50:02.279Z [info]: Scraping completo. 0 cursos encontrados.
2024-08-30T15:51:40.306Z [info]: Iniciando scraping para o termo: "c++"
2024-08-30T15:51:40.309Z [info]: Iniciando scraping para Udemy com o termo: c++
2024-08-30T15:51:44.786Z [info]: Iniciando scraping para o termo: "c++"
2024-08-30T15:51:44.789Z [info]: Iniciando scraping para Udemy com o termo: c++
2024-08-30T15:51:51.499Z [info]: Scraping completo. 0 cursos encontrados.
2024-08-30T15:53:41.043Z [info]: Iniciando scraping para o termo: "c++"
2024-08-30T15:53:41.046Z [info]: Iniciando scraping para Udemy com o termo: c++
2024-08-30T15:53:47.959Z [info]: Scraping completo. 0 cursos encontrados.
2024-08-30T15:53:56.535Z [info]: Iniciando scraping para o termo: "c++"
2024-08-30T15:53:56.538Z [info]: Iniciando scraping para Udemy com o termo: c++
2024-08-30T15:54:03.382Z [info]: Scraping completo. 0 cursos encontrados.
2024-08-30T16:00:10.198Z [info]: Iniciando scraping para o termo: "c++"
2024-08-30T16:00:10.200Z [info]: Iniciando scraping para Udemy com o termo: c++
2024-08-30T16:00:14.772Z [info]: Scraping completo. 0 cursos encontrados.
2024-08-30T16:00:35.210Z [info]: Iniciando scraping para o termo: "c++"
2024-08-30T16:00:35.212Z [info]: Iniciando scraping para Udemy com o termo: c++
2024-08-30T16:00:39.597Z [info]: Scraping completo. 0 cursos encontrados.
2024-08-30T16:05:28.321Z [info]: Iniciando scraping para o termo: "c++"
2024-08-30T16:05:28.324Z [info]: Iniciando scraping para Udemy com o termo: c++
2024-08-30T16:05:55.720Z [info]: Scraping completo. 0 cursos encontrados.
2024-08-30T16:06:00.653Z [info]: Iniciando scraping para o termo: "c++"
2024-08-30T16:06:00.656Z [info]: Iniciando scraping para Udemy com o termo: c++
2024-08-30T16:07:37.554Z [info]: Scraping completo. 0 cursos encontrados.
2024-08-30T16:11:54.355Z [info]: Iniciando scraping para o termo: "c++"
2024-08-30T16:11:54.358Z [info]: Iniciando scraping para Udemy com o termo: c++
2024-08-30T16:18:35.745Z [info]: Iniciando scraping para o termo: "c++"
2024-08-30T16:18:35.748Z [info]: Iniciando scraping para Udemy com o termo: c++
2024-08-30T16:19:48.766Z [info]: Scraping completo. 20 cursos encontrados.
2024-08-30T17:08:34.474Z [info]: Iniciando scraping para o termo: "c++"
2024-08-30T17:08:34.477Z [info]: Iniciando scraping para Udemy com o termo: c++
2024-08-30T17:08:41.896Z [info]: Scraping completo. 20 cursos encontrados.
2024-08-30T17:08:55.940Z [info]: Iniciando scraping para o termo: "c++"
2024-08-30T17:08:55.943Z [info]: Iniciando scraping para Udemy com o termo: c++
2024-08-30T17:09:35.402Z [info]: Scraping completo. 20 cursos encontrados.
2024-08-30T17:09:40.871Z [info]: Iniciando scraping para o termo: "c++"
2024-08-30T17:09:40.874Z [info]: Iniciando scraping para Udemy com o termo: c++
2024-08-30T17:12:08.837Z [info]: Scraping completo. 20 cursos encontrados.
2024-08-30T17:14:53.248Z [info]: Iniciando scraping para o termo: "c++"
2024-08-30T17:14:53.251Z [info]: Iniciando scraping para Udemy com o termo: c++
2024-08-30T17:15:37.863Z [info]: Iniciando scraping para o termo: "c++"
2024-08-30T17:15:37.865Z [info]: Iniciando scraping para Udemy com o termo: c++
2024-08-30T17:15:54.530Z [info]: Scraping completo. 0 cursos encontrados.
2024-08-30T17:16:14.982Z [info]: Iniciando scraping para o termo: "c++"
2024-08-30T17:16:14.985Z [info]: Iniciando scraping para Udemy com o termo: c++
2024-08-30T17:16:33.330Z [info]: Scraping completo. 0 cursos encontrados.
2024-08-30T17:17:47.309Z [info]: Iniciando scraping para o termo: "c++"
2024-08-30T17:17:47.312Z [info]: Iniciando scraping para Udemy com o termo: c++
2024-08-30T17:20:54.457Z [error]: Erro ao scrapear a Udemy: Runtime.callFunctionOn timed out. Increase the 'protocolTimeout' setting in launch/connect calls for a higher timeout if needed.
2024-08-30T17:21:04.532Z [info]: Iniciando scraping para o termo: "c++"
2024-08-30T17:21:04.534Z [info]: Iniciando scraping para Udemy com o termo: c++
2024-08-30T17:21:15.794Z [info]: Iniciando scraping para o termo: "c++"
2024-08-30T17:21:15.797Z [info]: Iniciando scraping para Udemy com o termo: c++
2024-08-30T17:24:23.964Z [error]: Erro ao scrapear a Udemy: Runtime.callFunctionOn timed out. Increase the 'protocolTimeout' setting in launch/connect calls for a higher timeout if needed.
2024-08-30T17:28:28.097Z [info]: Iniciando scraping para o termo: "c++"
2024-08-30T17:28:28.100Z [info]: Iniciando scraping para Udemy com o termo: c++
2024-08-30T17:29:34.461Z [info]: Iniciando scraping para o termo: "c++"
2024-08-30T17:29:34.464Z [info]: Iniciando scraping para Udemy com o termo: c++
2024-08-30T17:31:30.885Z [error]: Erro ao scrapear a Udemy: Protocol error (Runtime.callFunctionOn): Target closed
2024-08-30T17:33:49.458Z [info]: Iniciando scraping para o termo: "c++"
2024-08-30T17:33:49.461Z [info]: Iniciando scraping para Udemy com o termo: c++
2024-08-30T17:33:58.689Z [error]: Erro ao scrapear a Udemy: SyntaxError: Failed to execute 'querySelector' on 'Element': '[class*="star-rating-module"] a=[data-purpose="rating-number"]' is not a valid selector.
pptr:evaluate;C%3A%5CUsers%5Cnunoa%5CDesktop%5Ctrabalhos%5CCourses%5CMCourses%5CWebScrap%5Csrc%5Cscrapers%5CudemyScrapper.ts%3A115%3A47:11:67
2024-08-30T17:34:06.969Z [info]: Iniciando scraping para o termo: "c++"
2024-08-30T17:34:06.971Z [info]: Iniciando scraping para Udemy com o termo: c++
2024-08-30T17:34:14.110Z [error]: Erro ao scrapear a Udemy: SyntaxError: Failed to execute 'querySelector' on 'Element': '[class*="star-rating-module"] a=[data-purpose="rating-number"]' is not a valid selector.
pptr:evaluate;C%3A%5CUsers%5Cnunoa%5CDesktop%5Ctrabalhos%5CCourses%5CMCourses%5CWebScrap%5Csrc%5Cscrapers%5CudemyScrapper.ts%3A115%3A47:11:67
2024-08-30T17:35:17.366Z [info]: Iniciando scraping para o termo: "c++"
2024-08-30T17:35:17.369Z [info]: Iniciando scraping para Udemy com o termo: c++
2024-08-30T17:36:48.355Z [info]: Iniciando scraping para o termo: "c++"
2024-08-30T17:36:48.357Z [info]: Iniciando scraping para Udemy com o termo: c++
2024-08-30T17:37:10.603Z [info]: Iniciando scraping para o termo: "c++"
2024-08-30T17:37:10.606Z [info]: Iniciando scraping para Udemy com o termo: c++
2024-08-30T17:37:45.796Z [error]: Erro ao scrapear a Udemy: Protocol error (Runtime.callFunctionOn): Target closed
2024-08-30T17:38:35.307Z [info]: Iniciando scraping para o termo: "c++"
2024-08-30T17:38:35.310Z [info]: Iniciando scraping para Udemy com o termo: c++
2024-08-30T17:38:47.866Z [error]: Erro ao scrapear a Udemy: Protocol error (Runtime.callFunctionOn): Target closed
2024-08-30T17:41:13.489Z [info]: Iniciando scraping para o termo: "c++"
2024-08-30T17:41:13.492Z [info]: Iniciando scraping para Udemy com o termo: c++
2024-08-30T17:41:24.893Z [error]: Erro ao scrapear a Udemy: Protocol error (Runtime.callFunctionOn): Target closed
2024-08-30T17:44:26.347Z [info]: Iniciando scraping para o termo: "c++"
2024-08-30T17:44:26.350Z [info]: Iniciando scraping para Udemy com o termo: c++
2024-08-30T17:45:20.483Z [error]: Erro ao scrapear a Udemy: Protocol error (Runtime.callFunctionOn): Target closed
2024-08-30T17:45:42.139Z [info]: Iniciando scraping para o termo: "c++"
2024-08-30T17:45:42.142Z [info]: Iniciando scraping para Udemy com o termo: c++
2024-08-30T17:46:56.616Z [info]: Iniciando scraping para o termo: "c++"
2024-08-30T17:46:56.618Z [info]: Iniciando scraping para Udemy com o termo: c++
2024-08-30T17:48:57.412Z [info]: Iniciando scraping para o termo: "c++"
2024-08-30T17:48:57.415Z [info]: Iniciando scraping para Udemy com o termo: c++
2024-08-30T17:52:03.568Z [error]: Erro ao scrapear a Udemy: Runtime.callFunctionOn timed out. Increase the 'protocolTimeout' setting in launch/connect calls for a higher timeout if needed.
2024-08-30T17:52:14.526Z [info]: Iniciando scraping para o termo: "c++"
2024-08-30T17:52:14.529Z [info]: Iniciando scraping para Udemy com o termo: c++
2024-08-30T17:53:07.163Z [error]: Erro ao scrapear a Udemy: Protocol error (Runtime.callFunctionOn): Target closed
2024-08-30T17:59:41.161Z [info]: Iniciando scraping para o termo: "c++"
2024-08-30T17:59:41.163Z [info]: Iniciando scraping para Udemy com o termo: c++
2024-08-30T17:59:48.055Z [error]: Erro ao scrapear a Udemy: SyntaxError: Failed to execute 'querySelector' on 'Element': '[class*="star-rating-module"] class*=["ud-sr-only"]' is not a valid selector.
pptr:evaluate;C%3A%5CUsers%5Cnunoa%5CDesktop%5Ctrabalhos%5CCourses%5CMCourses%5CWebScrap%5Csrc%5Cscrapers%5CudemyScrapper.ts%3A115%3A47:16:70
2024-08-30T17:59:50.929Z [info]: Iniciando scraping para o termo: "c++"
2024-08-30T17:59:50.931Z [info]: Iniciando scraping para Udemy com o termo: c++
2024-08-30T17:59:57.972Z [error]: Erro ao scrapear a Udemy: SyntaxError: Failed to execute 'querySelector' on 'Element': '[class*="star-rating-module"] class*=["ud-sr-only"]' is not a valid selector.
pptr:evaluate;C%3A%5CUsers%5Cnunoa%5CDesktop%5Ctrabalhos%5CCourses%5CMCourses%5CWebScrap%5Csrc%5Cscrapers%5CudemyScrapper.ts%3A115%3A47:16:70
2024-08-30T18:00:08.689Z [info]: Iniciando scraping para o termo: "c++"
2024-08-30T18:00:08.692Z [info]: Iniciando scraping para Udemy com o termo: c++
2024-08-30T18:00:16.340Z [error]: Erro ao scrapear a Udemy: SyntaxError: Failed to execute 'querySelector' on 'Element': '[class*="star-rating-module"] class*=["ud-sr-only"]' is not a valid selector.
pptr:evaluate;C%3A%5CUsers%5Cnunoa%5CDesktop%5Ctrabalhos%5CCourses%5CMCourses%5CWebScrap%5Csrc%5Cscrapers%5CudemyScrapper.ts%3A115%3A47:16:70
2024-08-30T18:00:30.247Z [info]: Iniciando scraping para o termo: "c++"
2024-08-30T18:00:30.250Z [info]: Iniciando scraping para Udemy com o termo: c++
2024-08-30T18:00:37.488Z [error]: Erro ao scrapear a Udemy: SyntaxError: Failed to execute 'querySelector' on 'Element': '[class*="star-rating-module"] class*=["ud-sr-only"]' is not a valid selector.
pptr:evaluate;C%3A%5CUsers%5Cnunoa%5CDesktop%5Ctrabalhos%5CCourses%5CMCourses%5CWebScrap%5Csrc%5Cscrapers%5CudemyScrapper.ts%3A115%3A47:16:70
2024-08-30T18:00:45.158Z [info]: Iniciando scraping para o termo: "c++"
2024-08-30T18:00:45.160Z [info]: Iniciando scraping para Udemy com o termo: c++
2024-08-30T18:00:51.278Z [error]: Erro ao scrapear a Udemy: SyntaxError: Failed to execute 'querySelector' on 'Element': '[class*="star-rating-module"] class*=["ud-sr-only"]' is not a valid selector.
pptr:evaluate;C%3A%5CUsers%5Cnunoa%5CDesktop%5Ctrabalhos%5CCourses%5CMCourses%5CWebScrap%5Csrc%5Cscrapers%5CudemyScrapper.ts%3A115%3A47:16:70
2024-08-30T18:01:01.211Z [info]: Iniciando scraping para o termo: "c++"
2024-08-30T18:01:01.214Z [info]: Iniciando scraping para Udemy com o termo: c++
2024-08-30T18:01:19.346Z [info]: Iniciando scraping para o termo: "c++"
2024-08-30T18:01:19.348Z [info]: Iniciando scraping para Udemy com o termo: c++
2024-08-30T18:02:40.358Z [info]: Iniciando scraping para o termo: "c++"
2024-08-30T18:02:40.360Z [info]: Iniciando scraping para Udemy com o termo: c++
2024-08-30T18:02:55.264Z [error]: Erro ao scrapear a Udemy: Protocol error (Runtime.callFunctionOn): Target closed
2024-08-30T18:05:41.197Z [info]: Iniciando scraping para o termo: "c++"
2024-08-30T18:05:41.199Z [info]: Iniciando scraping para Udemy com o termo: c++
2024-08-30T18:08:48.637Z [error]: Erro ao scrapear a Udemy: Runtime.callFunctionOn timed out. Increase the 'protocolTimeout' setting in launch/connect calls for a higher timeout if needed.
2024-08-30T18:14:07.852Z [info]: Iniciando scraping para o termo: "c++"
2024-08-30T18:14:07.854Z [info]: Iniciando scraping para Udemy com o termo: c++
2024-08-30T18:14:54.645Z [info]: Iniciando scraping para o termo: "c++"
2024-08-30T18:14:54.647Z [info]: Iniciando scraping para Udemy com o termo: c++
2024-08-30T18:16:00.378Z [error]: Erro ao scrapear a Udemy: Protocol error (Runtime.callFunctionOn): Target closed
2024-08-30T18:19:37.860Z [info]: Iniciando scraping para o termo: "c++"
2024-08-30T18:19:37.863Z [info]: Iniciando scraping para Udemy com o termo: c++
2024-08-30T18:20:01.402Z [error]: Erro ao scrapear a Udemy: Protocol error (Runtime.callFunctionOn): Target closed
2024-08-30T18:25:51.500Z [info]: Iniciando scraping para o termo: "c++"
2024-08-30T18:25:51.503Z [info]: Iniciando scraping para Udemy com o termo: c++
2024-08-30T18:29:00.264Z [error]: Erro ao scrapear a Udemy: Runtime.callFunctionOn timed out. Increase the 'protocolTimeout' setting in launch/connect calls for a higher timeout if needed.
2024-08-30T18:30:44.955Z [info]: Iniciando scraping para o termo: "c++"
2024-08-30T18:30:44.957Z [info]: Iniciando scraping para Udemy com o termo: c++
2024-08-30T18:31:11.823Z [error]: Erro ao scrapear a Udemy: Protocol error (Runtime.callFunctionOn): Target closed
2024-08-30T18:32:35.688Z [info]: Iniciando scraping para o termo: "c++"
2024-08-30T18:32:35.691Z [info]: Iniciando scraping para Udemy com o termo: c++
2024-08-30T18:32:42.526Z [info]: Scraping completo. 20 cursos encontrados.
2024-08-30T18:34:06.324Z [info]: Iniciando scraping para o termo: "c++"
2024-08-30T18:34:06.326Z [info]: Iniciando scraping para Udemy com o termo: c++
2024-08-30T18:34:52.736Z [error]: Erro ao scrapear a Udemy: Protocol error (Runtime.callFunctionOn): Target closed
2024-08-30T18:39:46.068Z [info]: Iniciando scraping para o termo: "c++"
2024-08-30T18:39:46.071Z [info]: Iniciando scraping para Udemy com o termo: c++
2024-08-30T18:42:36.592Z [info]: Iniciando scraping para o termo: "c++"
2024-08-30T18:42:36.595Z [info]: Iniciando scraping para Udemy com o termo: c++
2024-08-30T18:43:32.092Z [error]: Erro ao scrapear a Udemy: Protocol error (Runtime.callFunctionOn): Target closed
2024-08-30T18:43:48.828Z [info]: Iniciando scraping para o termo: "c++"
2024-08-30T18:43:48.831Z [info]: Iniciando scraping para Udemy com o termo: c++
2024-08-30T18:44:01.906Z [error]: Erro ao scrapear a Udemy: Protocol error (Runtime.callFunctionOn): Target closed
2024-08-30T18:44:06.896Z [info]: Iniciando scraping para o termo: "c++"
2024-08-30T18:44:06.899Z [info]: Iniciando scraping para Udemy com o termo: c++
2024-08-30T18:44:13.321Z [info]: Scraping completo. 20 cursos encontrados.
2024-08-30T18:48:55.934Z [info]: Iniciando scraping para o termo: "c++"
2024-08-30T18:48:55.936Z [info]: Iniciando scraping para Udemy com o termo: c++
2024-08-30T18:49:02.124Z [error]: Erro ao scrapear a Udemy: SyntaxError: Failed to execute 'querySelector' on 'Element': 'class*=["course-card-instructors-module--instructor-list"]' is not a valid selector.
pptr:evaluate;C%3A%5CUsers%5Cnunoa%5CDesktop%5Ctrabalhos%5CCourses%5CMCourses%5CWebScrap%5Csrc%5Cscrapers%5CudemyScrapper.ts%3A121%3A47:45:68
2024-08-30T18:49:58.833Z [info]: Iniciando scraping para o termo: "c++"
2024-08-30T18:49:58.835Z [info]: Iniciando scraping para Udemy com o termo: c++
2024-08-30T18:50:12.175Z [error]: Erro ao scrapear a Udemy: Protocol error (Runtime.callFunctionOn): Target closed
2024-08-30T18:51:20.197Z [info]: Iniciando scraping para o termo: "c++"
2024-08-30T18:51:20.201Z [info]: Iniciando scraping para Udemy com o termo: c++
2024-08-30T18:51:27.343Z [info]: Scraping completo. 20 cursos encontrados.
2024-08-30T18:57:39.422Z [info]: Iniciando scraping para o termo: "c++"
2024-08-30T18:57:39.424Z [info]: Iniciando scraping para Udemy com o termo: c++
2024-08-30T18:58:01.718Z [error]: Erro ao scrapear a Udemy: Protocol error (Runtime.callFunctionOn): Target closed
2024-08-30T19:00:29.981Z [info]: Iniciando scraping para o termo: "c++"
2024-08-30T19:00:29.984Z [info]: Iniciando scraping para Udemy com o termo: c++
2024-08-30T19:00:47.621Z [error]: Erro ao scrapear a Udemy: Protocol error (Runtime.callFunctionOn): Target closed
2024-08-30T19:00:57.168Z [info]: Iniciando scraping para o termo: "c++"
2024-08-30T19:00:57.170Z [info]: Iniciando scraping para Udemy com o termo: c++
2024-08-30T19:01:10.748Z [error]: Erro ao scrapear a Udemy: Protocol error (Runtime.callFunctionOn): Target closed
2024-08-30T19:01:25.147Z [info]: Iniciando scraping para o termo: "c++"
2024-08-30T19:01:25.149Z [info]: Iniciando scraping para Udemy com o termo: c++
2024-08-30T19:01:28.639Z [error]: Erro ao scrapear a Udemy: Navigating frame was detached
2024-08-31T09:15:33.803Z [info]: Iniciando scraping para o termo: "c++"
2024-08-31T09:15:33.805Z [info]: Iniciando scraping para Udemy com o termo: c++
2024-08-31T09:15:54.960Z [error]: Erro ao scrapear a Udemy: Protocol error (Runtime.callFunctionOn): Target closed
2024-08-31T09:18:22.470Z [info]: Iniciando scraping para o termo: "c++"
2024-08-31T09:18:22.472Z [info]: Iniciando scraping para Udemy com o termo: c++
2024-08-31T09:20:55.341Z [error]: Erro ao scrapear a Udemy: Protocol error (Runtime.callFunctionOn): Target closed
2024-08-31T09:27:51.436Z [info]: Iniciando scraping para o termo: "c++"
2024-08-31T09:27:51.438Z [info]: Iniciando scraping para Udemy com o termo: c++
2024-08-31T09:30:57.924Z [error]: Erro ao scrapear a Udemy: Runtime.callFunctionOn timed out. Increase the 'protocolTimeout' setting in launch/connect calls for a higher timeout if needed.
2024-08-31T09:31:03.650Z [info]: Iniciando scraping para o termo: "c++"
2024-08-31T09:31:03.653Z [info]: Iniciando scraping para Udemy com o termo: c++
2024-08-31T09:31:36.916Z [error]: Erro ao scrapear a Udemy: Protocol error (Runtime.callFunctionOn): Target closed
2024-08-31T09:32:06.176Z [info]: Iniciando scraping para o termo: "c++"
2024-08-31T09:32:06.178Z [info]: Iniciando scraping para Udemy com o termo: c++
2024-08-31T09:32:45.072Z [error]: Erro ao scrapear a Udemy: Protocol error (Runtime.callFunctionOn): Target closed
2024-08-31T09:33:27.751Z [info]: Iniciando scraping para o termo: "c++"
2024-08-31T09:33:27.753Z [info]: Iniciando scraping para Udemy com o termo: c++
2024-08-31T09:33:49.718Z [error]: Erro ao scrapear a Udemy: Protocol error (Runtime.callFunctionOn): Target closed
2024-08-31T09:36:05.626Z [info]: Iniciando scraping para o termo: "c++"
2024-08-31T09:36:05.628Z [info]: Iniciando scraping para Udemy com o termo: c++
2024-08-31T09:36:12.367Z [info]: Iniciando scraping para o termo: "c++"
2024-08-31T09:36:12.369Z [info]: Iniciando scraping para Udemy com o termo: c++
2024-08-31T09:36:15.589Z [info]: Iniciando scraping para o termo: "c++"
2024-08-31T09:36:15.591Z [info]: Iniciando scraping para Udemy com o termo: c++
2024-08-31T09:36:23.367Z [info]: Scraping completo. 20 cursos encontrados.
2024-08-31T09:40:47.852Z [info]: Iniciando scraping para o termo: "c++"
2024-08-31T09:40:47.855Z [info]: Iniciando scraping para Udemy com o termo: c++
2024-08-31T09:41:06.684Z [error]: Erro ao scrapear a Udemy: Protocol error (Runtime.callFunctionOn): Target closed
2024-08-31T09:41:12.796Z [info]: Iniciando scraping para o termo: "c++"
2024-08-31T09:41:12.798Z [info]: Iniciando scraping para Udemy com o termo: c++
2024-08-31T09:41:19.223Z [info]: Scraping completo. 20 cursos encontrados.
2024-08-31T09:41:22.002Z [info]: Iniciando scraping para o termo: "c++"
2024-08-31T09:41:22.004Z [info]: Iniciando scraping para Udemy com o termo: c++
2024-08-31T09:41:28.795Z [info]: Scraping completo. 20 cursos encontrados.
2024-08-31T09:45:38.211Z [info]: Iniciando scraping para o termo: "c++"
2024-08-31T09:45:38.214Z [info]: Iniciando scraping para Udemy com o termo: c++
2024-08-31T09:45:44.660Z [info]: Scraping completo. 20 cursos encontrados.
2024-08-31T10:04:53.936Z [info]: Iniciando scraping para o termo: "c++"
2024-08-31T10:04:53.938Z [info]: Iniciando scraping para Udemy com o termo: c++
2024-08-31T10:05:58.885Z [error]: Erro ao scrapear a Udemy: Waiting for selector `[class*="popper-module--popper"]` failed: Protocol error (Runtime.evaluate): Session closed. Most likely the page has been closed.
2024-08-31T10:07:48.175Z [info]: Iniciando scraping para o termo: "c++"
2024-08-31T10:07:48.177Z [info]: Iniciando scraping para Udemy com o termo: c++
2024-08-31T10:10:44.673Z [error]: Erro ao scrapear a Udemy: Waiting for selector `[class*="popper-module--popper"]` failed: Protocol error (Runtime.evaluate): Session closed. Most likely the page has been closed.
2024-08-31T10:13:54.796Z [info]: Iniciando scraping para o termo: "c++"
2024-08-31T10:13:54.798Z [info]: Iniciando scraping para Udemy com o termo: c++
2024-08-31T10:15:09.699Z [info]: Scraping completo. 2 cursos encontrados.
2024-08-31T10:25:23.716Z [info]: Iniciando scraping para o termo: "c++"
2024-08-31T10:25:23.718Z [info]: Iniciando scraping para Udemy com o termo: c++
2024-08-31T10:25:30.201Z [error]: Erro ao scrapear a Udemy: categoriesData_1 is not defined
2024-08-31T10:25:30.409Z [error]: Erro ao scrapear a Udemy: Attempted to use detached Frame '837634BCC1CE19F9D6AB35BE2C55B5A5'.
2024-08-31T10:25:59.784Z [info]: Iniciando scraping para o termo: "c++"
2024-08-31T10:25:59.786Z [info]: Iniciando scraping para Udemy com o termo: c++
2024-08-31T10:26:22.158Z [info]: Scraping completo. 2 cursos encontrados.
2024-08-31T10:29:39.238Z [info]: Iniciando scraping para o termo: "c++"
2024-08-31T10:29:39.239Z [info]: Iniciando scraping para Udemy com o termo: c++
2024-08-31T10:29:46.747Z [info]: Scraping completo. 2 cursos encontrados.
2024-08-31T10:35:12.477Z [info]: Iniciando scraping para o termo: "c++"
2024-08-31T10:35:12.479Z [info]: Iniciando scraping para Udemy com o termo: c++
2024-08-31T10:35:19.891Z [info]: Scraping completo. 0 cursos encontrados.
2024-08-31T10:36:12.359Z [info]: Iniciando scraping para o termo: "c++"
2024-08-31T10:36:12.361Z [info]: Iniciando scraping para Udemy com o termo: c++
2024-08-31T10:36:18.823Z [info]: Scraping completo. 0 cursos encontrados.
2024-08-31T10:36:42.690Z [info]: Iniciando scraping para o termo: "c++"
2024-08-31T10:36:42.692Z [info]: Iniciando scraping para Udemy com o termo: c++
2024-08-31T10:36:54.463Z [info]: Scraping completo. 0 cursos encontrados.
2024-08-31T10:37:21.415Z [info]: Iniciando scraping para o termo: "c++"
2024-08-31T10:37:21.417Z [info]: Iniciando scraping para Udemy com o termo: c++
2024-08-31T10:38:32.961Z [info]: Iniciando scraping para o termo: "c++"
2024-08-31T10:38:32.965Z [info]: Iniciando scraping para Udemy com o termo: c++
2024-08-31T10:38:50.035Z [info]: Iniciando scraping para o termo: "c++"
2024-08-31T10:38:50.037Z [info]: Iniciando scraping para Udemy com o termo: c++
2024-08-31T10:39:51.523Z [info]: Scraping completo. 0 cursos encontrados.
2024-08-31T10:39:51.535Z [error]: Erro ao scrapear a Udemy: Protocol error (Page.navigate): Session closed. Most likely the page has been closed.
2024-08-31T10:41:21.384Z [info]: Iniciando scraping para o termo: "c++"
2024-08-31T10:41:21.386Z [info]: Iniciando scraping para Udemy com o termo: c++
2024-08-31T10:44:44.163Z [info]: Iniciando scraping para o termo: "c++"
2024-08-31T10:44:44.165Z [info]: Iniciando scraping para Udemy com o termo: c++
2024-08-31T10:45:31.333Z [error]: Erro ao scrapear a Udemy: Protocol error (Page.navigate): Target closed
2024-08-31T10:46:17.873Z [info]: Iniciando scraping para o termo: "c++"
2024-08-31T10:46:17.875Z [info]: Iniciando scraping para Udemy com o termo: c++
2024-08-31T10:47:05.162Z [info]: Scraping completo. 18 cursos encontrados.
2024-08-31T11:03:07.782Z [info]: Iniciando scraping para o termo: "c++"
2024-08-31T11:03:07.784Z [info]: Iniciando scraping para Udemy com o termo: c++
2024-08-31T11:03:22.238Z [info]: Iniciando scraping para o termo: "c++"
2024-08-31T11:03:22.240Z [info]: Iniciando scraping para Udemy com o termo: c++
2024-08-31T11:03:33.934Z [error]: Erro ao scrapear a Udemy: __awaiter is not defined
2024-08-31T11:03:34.150Z [error]: Erro ao scrapear a Udemy: Attempted to use detached Frame 'B1E9EE34C9D104F0C82477747037D71A'.
2024-08-31T11:03:52.707Z [info]: Iniciando scraping para o termo: "c++"
2024-08-31T11:03:52.709Z [info]: Iniciando scraping para Udemy com o termo: c++
2024-08-31T11:04:02.663Z [error]: Erro ao scrapear a Udemy: __awaiter is not defined
2024-08-31T11:04:02.903Z [error]: Erro ao scrapear a Udemy: Attempted to use detached Frame 'A8C339025C0BE560759B45D628D77C9F'.
2024-08-31T11:04:17.683Z [info]: Iniciando scraping para o termo: "c++"
2024-08-31T11:04:17.685Z [info]: Iniciando scraping para Udemy com o termo: c++
2024-08-31T11:04:29.650Z [error]: Erro ao scrapear a Udemy: __awaiter is not defined
2024-08-31T11:04:29.851Z [error]: Erro ao scrapear a Udemy: Attempted to use detached Frame 'F84F70DDB5BDC9EB4713402D11815D68'.
2024-08-31T11:04:53.968Z [info]: Iniciando scraping para o termo: "c++"
2024-08-31T11:04:53.970Z [info]: Iniciando scraping para Udemy com o termo: c++
2024-08-31T11:05:33.081Z [error]: Erro ao scrapear a Udemy: __awaiter is not defined
2024-08-31T11:05:33.344Z [error]: Erro ao scrapear a Udemy: Attempted to use detached Frame '7BE62C4036D96A67B710FB72C1C8D4BA'.
2024-08-31T11:08:25.653Z [info]: Iniciando scraping para o termo: "c++"
2024-08-31T11:08:25.656Z [info]: Iniciando scraping para Udemy com o termo: c++
2024-08-31T11:08:39.039Z [error]: Erro ao scrapear a Udemy: __awaiter is not defined
2024-08-31T11:08:39.239Z [error]: Erro ao scrapear a Udemy: Attempted to use detached Frame 'CE327FC35850C60804A45431B869D398'.
2024-08-31T11:51:43.280Z [info]: Iniciando scraping para o termo: "c++"
2024-08-31T11:51:43.282Z [info]: Iniciando scraping para Udemy com o termo: c++
2024-08-31T11:55:34.717Z [error]: Erro ao scrapear a Udemy: Protocol error (Runtime.callFunctionOn): Target closed
2024-08-31T11:55:34.917Z [error]: Erro ao scrapear a Udemy: Attempted to use detached Frame 'BC4EA4CD9CFF05F04845B8D953F9D1FB'.
2024-08-31T11:56:26.810Z [info]: Iniciando scraping para o termo: "c++"
2024-08-31T11:56:26.812Z [info]: Iniciando scraping para Udemy com o termo: c++
2024-08-31T11:58:12.201Z [error]: Erro ao scrapear a Udemy: Protocol error (Runtime.callFunctionOn): Target closed
2024-08-31T11:58:12.399Z [error]: Erro ao scrapear a Udemy: Attempted to use detached Frame '4CBDD77BA3BC9C4AF2FFA3E7313580D7'.
2024-08-31T12:06:15.939Z [info]: Iniciando scraping para o termo: "c++"
2024-08-31T12:06:15.940Z [info]: Iniciando scraping para Udemy com o termo: c++
2024-08-31T12:07:00.894Z [info]: Iniciando scraping para o termo: "c++"
2024-08-31T12:07:00.896Z [info]: Iniciando scraping para Udemy com o termo: c++
2024-08-31T12:09:48.337Z [error]: Erro ao scrapear a Udemy: Protocol error (Runtime.callFunctionOn): Target closed
2024-08-31T12:09:59.894Z [info]: Iniciando scraping para o termo: "c++"
2024-08-31T12:09:59.896Z [info]: Iniciando scraping para Udemy com o termo: c++
2024-08-31T12:10:10.709Z [info]: Iniciando scraping para o termo: "c++"
2024-08-31T12:10:10.711Z [info]: Iniciando scraping para Udemy com o termo: c++
2024-08-31T12:12:11.861Z [info]: Iniciando scraping para o termo: "c++"
2024-08-31T12:12:11.864Z [info]: Iniciando scraping para Udemy com o termo: c++
2024-08-31T12:13:15.996Z [error]: Erro ao scrapear a Udemy: Protocol error (Runtime.callFunctionOn): Target closed
2024-08-31T12:13:16.263Z [error]: Erro ao scrapear a Udemy: Attempted to use detached Frame 'FC33C627E92F6D35EB635C4034B9E843'.
2024-08-31T12:15:33.236Z [info]: Iniciando scraping para o termo: "c++"
2024-08-31T12:15:33.238Z [info]: Iniciando scraping para Udemy com o termo: c++
2024-08-31T12:17:19.617Z [info]: Iniciando scraping para o termo: "c++"
2024-08-31T12:17:19.619Z [info]: Iniciando scraping para Udemy com o termo: c++
2024-08-31T12:17:47.395Z [error]: Erro ao scrapear a Udemy: Protocol error (Runtime.callFunctionOn): Target closed
2024-08-31T12:18:44.983Z [info]: Iniciando scraping para o termo: "c++"
2024-08-31T12:18:44.985Z [info]: Iniciando scraping para Udemy com o termo: c++
2024-08-31T12:22:32.496Z [info]: Iniciando scraping para o termo: "c++"
2024-08-31T12:22:32.498Z [info]: Iniciando scraping para Udemy com o termo: c++
2024-08-31T12:27:00.696Z [info]: Iniciando scraping para o termo: "c++"
2024-08-31T12:27:00.700Z [info]: Iniciando scraping para Udemy com o termo: c++
2024-08-31T12:28:30.692Z [error]: Erro ao scrapear a Udemy: Protocol error (Page.navigate): Target closed
2024-08-31T12:29:14.875Z [info]: Iniciando scraping para o termo: "c++"
2024-08-31T12:29:14.877Z [info]: Iniciando scraping para Udemy com o termo: c++
2024-08-31T12:29:29.512Z [info]: Iniciando scraping para o termo: "c++"
2024-08-31T12:29:29.515Z [info]: Iniciando scraping para Udemy com o termo: c++
2024-08-31T12:30:08.254Z [error]: Erro ao scrapear a Udemy: Protocol error (Runtime.callFunctionOn): Target closed
2024-08-31T12:31:37.195Z [info]: Iniciando scraping para o termo: "c++"
2024-08-31T12:31:37.197Z [info]: Iniciando scraping para Udemy com o termo: c++
2024-08-31T12:31:47.217Z [error]: Erro ao scrapear a Udemy: document is not defined
2024-08-31T12:50:11.898Z [info]: Iniciando scraping para o termo: "c++"
2024-08-31T12:50:11.900Z [info]: Iniciando scraping para Udemy com o termo: c++
2024-08-31T12:52:10.538Z [info]: Iniciando scraping para o termo: "c++"
2024-08-31T12:52:10.540Z [info]: Iniciando scraping para Udemy com o termo: c++
2024-08-31T12:53:50.124Z [info]: Iniciando scraping para o termo: "c++"
2024-08-31T12:53:50.126Z [info]: Iniciando scraping para Udemy com o termo: c++
2024-08-31T12:55:40.515Z [info]: Iniciando scraping para o termo: "c++"
2024-08-31T12:55:40.517Z [info]: Iniciando scraping para Udemy com o termo: c++
2024-08-31T12:56:19.772Z [info]: Iniciando scraping para o termo: "c++"
2024-08-31T12:56:19.774Z [info]: Iniciando scraping para Udemy com o termo: c++
2024-08-31T12:58:54.540Z [info]: Iniciando scraping para o termo: "c++"
2024-08-31T12:58:54.542Z [info]: Iniciando scraping para Udemy com o termo: c++
2024-08-31T13:02:14.680Z [info]: Iniciando scraping para o termo: "c++"
2024-08-31T13:02:14.683Z [info]: Iniciando scraping para Udemy com o termo: c++
2024-08-31T13:07:26.660Z [error]: Erro ao scrapear a Udemy: Protocol error (Page.navigate): Target closed
2024-09-01T08:03:24.803Z [info]: Iniciando scraping para o termo: "c++"
2024-09-01T08:03:24.808Z [info]: Iniciando scraping para Udemy com o termo: c++
2024-09-01T08:03:33.291Z [info]: Scraping completo. 0 cursos encontrados.
2024-09-01T08:03:33.492Z [error]: Erro ao scrapear a Udemy: Attempted to use detached Frame 'D23A4E5EEF4477DAF7D88A02E6AC04BD'.
2024-09-01T08:03:41.091Z [info]: Iniciando scraping para o termo: "c++"
2024-09-01T08:03:41.093Z [info]: Iniciando scraping para Udemy com o termo: c++
2024-09-01T08:03:45.523Z [info]: Scraping completo. 0 cursos encontrados.
2024-09-01T08:03:45.723Z [error]: Erro ao scrapear a Udemy: Attempted to use detached Frame '3B1CFDEDE60FEEE815BEF8DD780E33E0'.
2024-09-01T08:04:17.119Z [info]: Iniciando scraping para o termo: "c++"
2024-09-01T08:04:17.121Z [info]: Iniciando scraping para Udemy com o termo: c++
2024-09-01T08:04:22.243Z [info]: Scraping completo. 0 cursos encontrados.
2024-09-01T08:04:22.472Z [error]: Erro ao scrapear a Udemy: Attempted to use detached Frame 'F9D1D4DE675484E70C08F333832496E1'.
2024-09-01T08:04:38.784Z [info]: Iniciando scraping para o termo: "c++"
2024-09-01T08:04:38.786Z [info]: Iniciando scraping para Udemy com o termo: c++
2024-09-01T08:04:43.643Z [info]: Scraping completo. 0 cursos encontrados.
2024-09-01T08:04:43.838Z [error]: Erro ao scrapear a Udemy: Attempted to use detached Frame '627B75F9B21B909418ECF40D65FF69AF'.
2024-09-01T08:07:31.993Z [info]: Iniciando scraping para o termo: "c++"
2024-09-01T08:07:31.995Z [info]: Iniciando scraping para Udemy com o termo: c++
2024-09-01T08:07:36.338Z [info]: Scraping completo. 0 cursos encontrados.
2024-09-01T08:07:36.506Z [error]: Erro ao scrapear a Udemy: Attempted to use detached Frame '3FF1DB74C7561B007905CF2AF391A68B'.
2024-09-01T08:07:52.219Z [info]: Iniciando scraping para o termo: "c++"
2024-09-01T08:07:52.221Z [info]: Iniciando scraping para Udemy com o termo: c++
2024-09-01T08:07:57.656Z [info]: Scraping completo. 0 cursos encontrados.
2024-09-01T08:07:57.822Z [error]: Erro ao scrapear a Udemy: Attempted to use detached Frame '2FE788C5143A8C97191E1FBA35DF99F5'.
2024-09-01T08:09:03.742Z [info]: Iniciando scraping para o termo: "c++"
2024-09-01T08:09:03.744Z [info]: Iniciando scraping para Udemy com o termo: c++
2024-09-01T08:09:09.292Z [info]: Scraping completo. 0 cursos encontrados.
2024-09-01T08:09:09.451Z [error]: Erro ao scrapear a Udemy: Attempted to use detached Frame '3D7E9475C51E232F18711A30B2A85CB9'.
2024-09-01T08:09:22.953Z [info]: Iniciando scraping para o termo: "c++"
2024-09-01T08:09:22.955Z [info]: Iniciando scraping para Udemy com o termo: c++
2024-09-01T08:09:27.981Z [error]: Erro ao scrapear a Udemy: Attempted to use detached Frame 'CBBF5184ED16FB0BD9593E4EF8F45799'.
2024-09-01T08:09:41.527Z [info]: Iniciando scraping para o termo: "c++"
2024-09-01T08:09:41.531Z [info]: Iniciando scraping para Udemy com o termo: c++
2024-09-01T08:09:56.651Z [info]: Scraping completo. 0 cursos encontrados.
2024-09-01T08:10:38.570Z [info]: Iniciando scraping para o termo: "c++"
2024-09-01T08:10:38.573Z [info]: Iniciando scraping para Udemy com o termo: c++
2024-09-01T08:10:49.574Z [info]: Scraping completo. 0 cursos encontrados.
2024-09-01T08:10:55.559Z [info]: Iniciando scraping para o termo: "c++"
2024-09-01T08:10:55.561Z [info]: Iniciando scraping para Udemy com o termo: c++
2024-09-01T08:11:04.972Z [info]: Scraping completo. 0 cursos encontrados.
2024-09-01T08:11:55.886Z [error]: Erro ao scrapear a Udemy: Execution context was destroyed, most likely because of a navigation.
2024-09-01T08:12:01.513Z [error]: Erro ao scrapear a Udemy: Execution context was destroyed, most likely because of a navigation.
2024-09-01T08:12:11.207Z [info]: Scraping completo. 0 cursos encontrados.
2024-09-01T08:19:18.514Z [info]: Iniciando scraping para o termo: "c++"
2024-09-01T08:19:18.517Z [info]: Iniciando scraping para Udemy com o termo: c++
2024-09-01T08:19:22.168Z [info]: Scraping completo. 0 cursos encontrados.
2024-09-01T08:19:27.095Z [info]: Scraping completo. 0 cursos encontrados.
2024-09-01T08:19:31.534Z [info]: Scraping completo. 0 cursos encontrados.
2024-09-01T08:19:38.260Z [info]: Scraping completo. 0 cursos encontrados.
2024-09-01T08:19:41.042Z [info]: Scraping completo. 0 cursos encontrados.
2024-09-01T08:19:45.178Z [info]: Scraping completo. 0 cursos encontrados.
2024-09-01T08:19:48.439Z [info]: Scraping completo. 0 cursos encontrados.
2024-09-01T08:19:51.566Z [info]: Scraping completo. 0 cursos encontrados.
2024-09-01T08:19:55.566Z [info]: Scraping completo. 0 cursos encontrados.
2024-09-01T08:19:58.970Z [info]: Scraping completo. 0 cursos encontrados.
2024-09-01T08:20:02.471Z [info]: Scraping completo. 0 cursos encontrados.
2024-09-01T08:20:06.272Z [info]: Scraping completo. 0 cursos encontrados.
2024-09-01T08:20:11.017Z [info]: Scraping completo. 0 cursos encontrados.
2024-09-01T08:20:13.941Z [info]: Scraping completo. 0 cursos encontrados.
2024-09-01T08:20:17.656Z [info]: Scraping completo. 0 cursos encontrados.
2024-09-01T08:20:21.612Z [info]: Scraping completo. 0 cursos encontrados.
2024-09-01T08:20:24.608Z [info]: Scraping completo. 0 cursos encontrados.
2024-09-01T08:20:27.478Z [info]: Scraping completo. 0 cursos encontrados.
2024-09-01T08:20:31.835Z [info]: Scraping completo. 0 cursos encontrados.
2024-09-01T08:20:34.500Z [info]: Scraping completo. 0 cursos encontrados.
2024-09-01T08:20:37.263Z [info]: Scraping completo. 0 cursos encontrados.
2024-09-01T08:20:40.682Z [info]: Scraping completo. 0 cursos encontrados.
2024-09-01T08:20:45.408Z [info]: Scraping completo. 0 cursos encontrados.
2024-09-01T08:20:48.802Z [info]: Scraping completo. 0 cursos encontrados.
2024-09-01T08:20:54.019Z [info]: Scraping completo. 0 cursos encontrados.
2024-09-01T08:20:57.490Z [info]: Scraping completo. 0 cursos encontrados.
2024-09-01T08:21:02.292Z [info]: Scraping completo. 0 cursos encontrados.
2024-09-01T08:21:05.731Z [info]: Scraping completo. 0 cursos encontrados.
2024-09-01T08:21:08.877Z [info]: Scraping completo. 0 cursos encontrados.
2024-09-01T08:21:12.317Z [info]: Scraping completo. 0 cursos encontrados.
2024-09-01T08:21:19.044Z [info]: Scraping completo. 0 cursos encontrados.
2024-09-01T08:21:22.542Z [info]: Scraping completo. 0 cursos encontrados.
2024-09-01T08:21:25.761Z [info]: Scraping completo. 0 cursos encontrados.
2024-09-01T08:21:30.175Z [info]: Scraping completo. 0 cursos encontrados.
2024-09-01T08:21:34.200Z [info]: Scraping completo. 0 cursos encontrados.
2024-09-01T08:21:36.940Z [info]: Scraping completo. 0 cursos encontrados.
2024-09-01T08:21:41.274Z [info]: Scraping completo. 0 cursos encontrados.
2024-09-01T08:21:45.636Z [info]: Scraping completo. 0 cursos encontrados.
2024-09-01T08:21:49.489Z [info]: Scraping completo. 0 cursos encontrados.
2024-09-01T08:21:52.504Z [info]: Scraping completo. 0 cursos encontrados.
2024-09-01T08:21:55.781Z [info]: Scraping completo. 0 cursos encontrados.
2024-09-01T08:21:59.563Z [info]: Scraping completo. 0 cursos encontrados.
2024-09-01T08:22:02.207Z [info]: Scraping completo. 0 cursos encontrados.
2024-09-01T08:22:06.034Z [info]: Scraping completo. 0 cursos encontrados.
2024-09-01T08:22:10.312Z [info]: Scraping completo. 0 cursos encontrados.
2024-09-01T08:22:13.915Z [info]: Scraping completo. 0 cursos encontrados.
2024-09-01T08:22:16.733Z [info]: Scraping completo. 0 cursos encontrados.
2024-09-01T08:22:20.078Z [info]: Scraping completo. 0 cursos encontrados.
2024-09-01T08:22:23.135Z [info]: Scraping completo. 0 cursos encontrados.
2024-09-01T08:22:27.462Z [info]: Scraping completo. 0 cursos encontrados.
2024-09-01T08:22:32.205Z [info]: Scraping completo. 0 cursos encontrados.
2024-09-01T08:22:35.456Z [info]: Iniciando scraping para o termo: "c++"
2024-09-01T08:22:35.458Z [info]: Iniciando scraping para Udemy com o termo: c++
2024-09-01T08:25:31.833Z [info]: Iniciando scraping para o termo: "c++"
2024-09-01T08:25:31.835Z [info]: Iniciando scraping para Udemy com o termo: c++
2024-09-01T08:25:53.814Z [info]: Scraping completo. 0 cursos encontrados.
2024-09-01T08:26:20.649Z [error]: Erro ao scrapear a Udemy: Protocol error (Runtime.callFunctionOn): Target closed
2024-09-01T08:26:28.692Z [info]: Iniciando scraping para o termo: "c++"
2024-09-01T08:26:28.694Z [info]: Iniciando scraping para Udemy com o termo: c++
2024-09-01T08:26:46.950Z [info]: Iniciando scraping para o termo: "c++"
2024-09-01T08:26:46.953Z [info]: Iniciando scraping para Udemy com o termo: c++
2024-09-01T08:26:55.349Z [info]: Scraping completo. 0 cursos encontrados.
2024-09-01T08:29:19.379Z [error]: Erro ao scrapear a Udemy: Execution context was destroyed, most likely because of a navigation.
2024-09-01T08:29:19.380Z [error]: Execution context was destroyed, most likely because of a navigation.
2024-09-01T08:29:30.128Z [info]: Scraping completo. 0 cursos encontrados.
2024-09-01T08:29:38.603Z [error]: Erro ao scrapear a Udemy: Protocol error (Network.setCacheDisabled): Target closed
2024-09-01T08:29:38.604Z [error]: Protocol error (Network.setCacheDisabled): Target closed
2024-09-01T08:29:44.604Z [info]: Scraping completo. 0 cursos encontrados.
2024-09-01T08:29:55.575Z [info]: Iniciando scraping para o termo: "c++"
2024-09-01T08:29:55.578Z [info]: Iniciando scraping para Udemy com o termo: c++
2024-09-01T08:30:15.715Z [info]: Iniciando scraping para o termo: "c++"
2024-09-01T08:30:15.718Z [info]: Iniciando scraping para Udemy com o termo: c++
2024-09-01T08:30:42.786Z [info]: Scraping completo. 0 cursos encontrados.
2024-09-01T08:30:58.054Z [info]: Scraping completo. 0 cursos encontrados.
2024-09-01T08:36:45.229Z [error]: Erro ao scrapear a Udemy: Execution context was destroyed, most likely because of a navigation.
2024-09-01T08:36:45.230Z [error]: Execution context was destroyed, most likely because of a navigation.
2024-09-01T08:39:48.689Z [error]: Erro ao scrapear a Udemy: Runtime.callFunctionOn timed out. Increase the 'protocolTimeout' setting in launch/connect calls for a higher timeout if needed.
2024-09-01T08:39:48.690Z [error]: Runtime.callFunctionOn timed out. Increase the 'protocolTimeout' setting in launch/connect calls for a higher timeout if needed.
2024-09-01T08:45:44.623Z [info]: Iniciando scraping para o termo: "c++"
2024-09-01T08:45:44.625Z [info]: Iniciando scraping para Udemy com o termo: c++
2024-09-01T08:50:25.496Z [info]: Iniciando scraping para o termo: "c++"
2024-09-01T08:50:25.498Z [info]: Iniciando scraping para Udemy com o termo: c++
2024-09-01T08:53:28.289Z [info]: Iniciando scraping para o termo: "c++"
2024-09-01T08:53:28.291Z [info]: Iniciando scraping para Udemy com o termo: c++
2024-09-01T08:54:15.530Z [info]: Iniciando scraping para o termo: "c++"
2024-09-01T08:54:15.532Z [info]: Iniciando scraping para Udemy com o termo: c++
2024-09-01T08:54:32.232Z [info]: Iniciando scraping para o termo: "c++"
2024-09-01T08:54:32.234Z [info]: Iniciando scraping para Udemy com o termo: c++
2024-09-01T08:54:53.283Z [info]: Iniciando scraping para o termo: "c++"
2024-09-01T08:54:53.286Z [info]: Iniciando scraping para Udemy com o termo: c++
2024-09-01T08:55:15.854Z [info]: Scraping completo. 0 cursos encontrados.
2024-09-01T09:03:58.453Z [info]: Iniciando scraping para o termo: "c++"
2024-09-01T09:03:58.455Z [info]: Iniciando scraping para Udemy com o termo: c++
2024-09-01T09:04:00.546Z [error]: Erro ao scrapear a Udemy: captchaType_1 is not defined
2024-09-01T09:04:00.547Z [error]: captchaType_1 is not defined
2024-09-01T09:04:06.746Z [error]: Erro ao scrapear a Udemy: captchaType_1 is not defined
2024-09-01T09:04:06.746Z [error]: captchaType_1 is not defined
2024-09-01T09:04:08.246Z [error]: Erro ao scrapear a Udemy: captchaType_1 is not defined
2024-09-01T09:04:08.246Z [error]: captchaType_1 is not defined
2024-09-01T09:04:10.340Z [error]: Erro ao scrapear a Udemy: captchaType_1 is not defined
2024-09-01T09:04:10.340Z [error]: captchaType_1 is not defined
2024-09-01T09:04:11.612Z [error]: Erro ao scrapear a Udemy: captchaType_1 is not defined
2024-09-01T09:04:11.612Z [error]: captchaType_1 is not defined
2024-09-01T09:04:12.896Z [error]: Erro ao scrapear a Udemy: captchaType_1 is not defined
2024-09-01T09:04:12.896Z [error]: captchaType_1 is not defined
2024-09-01T09:04:14.529Z [error]: Erro ao scrapear a Udemy: captchaType_1 is not defined
2024-09-01T09:04:14.529Z [error]: captchaType_1 is not defined
2024-09-01T09:04:15.980Z [error]: Erro ao scrapear a Udemy: captchaType_1 is not defined
2024-09-01T09:04:15.980Z [error]: captchaType_1 is not defined
2024-09-01T09:04:17.696Z [error]: Erro ao scrapear a Udemy: captchaType_1 is not defined
2024-09-01T09:04:17.697Z [error]: captchaType_1 is not defined
2024-09-01T09:04:19.096Z [error]: Erro ao scrapear a Udemy: Navigating frame was detached
2024-09-01T09:05:00.182Z [info]: Iniciando scraping para o termo: "c++"
2024-09-01T09:05:00.184Z [info]: Iniciando scraping para Udemy com o termo: c++
2024-09-01T09:05:02.405Z [error]: Erro ao scrapear a Udemy: captchaType_1 is not defined
2024-09-01T09:05:02.405Z [error]: captchaType_1 is not defined
2024-09-01T09:05:04.113Z [error]: Erro ao scrapear a Udemy: captchaType_1 is not defined
2024-09-01T09:05:04.113Z [error]: captchaType_1 is not defined
2024-09-01T09:05:05.846Z [error]: Erro ao scrapear a Udemy: captchaType_1 is not defined
2024-09-01T09:05:05.847Z [error]: captchaType_1 is not defined
2024-09-01T09:05:07.147Z [error]: Erro ao scrapear a Udemy: captchaType_1 is not defined
2024-09-01T09:05:07.147Z [error]: captchaType_1 is not defined
2024-09-01T09:05:09.735Z [error]: Erro ao scrapear a Udemy: captchaType_1 is not defined
2024-09-01T09:05:09.736Z [error]: captchaType_1 is not defined
2024-09-01T09:05:12.868Z [info]: Iniciando scraping para o termo: "c++"
2024-09-01T09:05:12.870Z [info]: Iniciando scraping para Udemy com o termo: c++
2024-09-01T09:05:16.405Z [error]: Erro ao scrapear a Udemy: captchaType_1 is not defined
2024-09-01T09:05:16.406Z [error]: captchaType_1 is not defined
2024-09-01T09:05:18.230Z [error]: Erro ao scrapear a Udemy: captchaType_1 is not defined
2024-09-01T09:05:18.230Z [error]: captchaType_1 is not defined
2024-09-01T09:05:31.480Z [info]: Iniciando scraping para o termo: "c++"
2024-09-01T09:05:31.482Z [info]: Iniciando scraping para Udemy com o termo: c++
2024-09-01T09:05:34.772Z [error]: Erro ao scrapear a Udemy: captchaType_1 is not defined
2024-09-01T09:05:34.773Z [error]: captchaType_1 is not defined
2024-09-01T09:05:36.630Z [error]: Erro ao scrapear a Udemy: captchaType_1 is not defined
2024-09-01T09:05:36.630Z [error]: captchaType_1 is not defined
2024-09-01T09:05:37.950Z [error]: Erro ao scrapear a Udemy: captchaType_1 is not defined
2024-09-01T09:05:37.951Z [error]: captchaType_1 is not defined
2024-09-01T09:05:39.196Z [error]: Erro ao scrapear a Udemy: captchaType_1 is not defined
2024-09-01T09:05:39.196Z [error]: captchaType_1 is not defined
2024-09-01T09:05:41.379Z [error]: Erro ao scrapear a Udemy: captchaType_1 is not defined
2024-09-01T09:05:41.380Z [error]: captchaType_1 is not defined
2024-09-01T09:05:43.213Z [error]: Erro ao scrapear a Udemy: captchaType_1 is not defined
2024-09-01T09:05:43.213Z [error]: captchaType_1 is not defined
2024-09-01T09:05:44.646Z [error]: Erro ao scrapear a Udemy: captchaType_1 is not defined
2024-09-01T09:05:44.646Z [error]: captchaType_1 is not defined
2024-09-01T09:05:46.512Z [error]: Erro ao scrapear a Udemy: captchaType_1 is not defined
2024-09-01T09:05:46.513Z [error]: captchaType_1 is not defined
2024-09-01T09:05:48.455Z [error]: Erro ao scrapear a Udemy: captchaType_1 is not defined
2024-09-01T09:05:48.455Z [error]: captchaType_1 is not defined
2024-09-01T09:05:52.559Z [info]: Iniciando scraping para o termo: "c++"
2024-09-01T09:05:52.561Z [info]: Iniciando scraping para Udemy com o termo: c++
2024-09-01T09:05:55.542Z [error]: Erro ao scrapear a Udemy: captchaType_1 is not defined
2024-09-01T09:05:55.542Z [error]: captchaType_1 is not defined
2024-09-01T09:05:58.246Z [error]: Erro ao scrapear a Udemy: captchaType_1 is not defined
2024-09-01T09:05:58.247Z [error]: captchaType_1 is not defined
2024-09-01T09:05:59.725Z [error]: Erro ao scrapear a Udemy: captchaType_1 is not defined
2024-09-01T09:05:59.726Z [error]: captchaType_1 is not defined
2024-09-01T09:06:01.064Z [error]: Erro ao scrapear a Udemy: captchaType_1 is not defined
2024-09-01T09:06:01.064Z [error]: captchaType_1 is not defined
2024-09-01T09:06:02.630Z [error]: Erro ao scrapear a Udemy: captchaType_1 is not defined
2024-09-01T09:06:02.631Z [error]: captchaType_1 is not defined
2024-09-01T09:06:04.430Z [error]: Erro ao scrapear a Udemy: captchaType_1 is not defined
2024-09-01T09:06:04.430Z [error]: captchaType_1 is not defined
2024-09-01T09:06:06.009Z [error]: Erro ao scrapear a Udemy: captchaType_1 is not defined
2024-09-01T09:06:06.010Z [error]: captchaType_1 is not defined
2024-09-01T09:06:10.170Z [info]: Iniciando scraping para o termo: "c++"
2024-09-01T09:06:10.172Z [info]: Iniciando scraping para Udemy com o termo: c++
2024-09-01T09:06:22.764Z [info]: Iniciando scraping para o termo: "c++"
2024-09-01T09:06:22.767Z [info]: Iniciando scraping para Udemy com o termo: c++
2024-09-01T09:06:38.930Z [error]: Erro ao scrapear a Udemy: captchaType_1 is not defined
2024-09-01T09:06:38.931Z [error]: captchaType_1 is not defined
2024-09-01T09:07:09.887Z [error]: Erro ao scrapear a Udemy: captchaType_1 is not defined
2024-09-01T09:07:09.888Z [error]: captchaType_1 is not defined
2024-09-01T09:07:25.317Z [error]: Erro ao scrapear a Udemy: captchaType_1 is not defined
2024-09-01T09:07:25.318Z [error]: captchaType_1 is not defined
2024-09-01T09:07:27.813Z [error]: Erro ao scrapear a Udemy: captchaType_1 is not defined
2024-09-01T09:07:27.813Z [error]: captchaType_1 is not defined
2024-09-01T09:07:44.401Z [error]: Erro ao scrapear a Udemy: captchaType_1 is not defined
2024-09-01T09:07:44.402Z [error]: captchaType_1 is not defined
2024-09-01T09:07:46.858Z [error]: Erro ao scrapear a Udemy: captchaType_1 is not defined
2024-09-01T09:07:46.859Z [error]: captchaType_1 is not defined
2024-09-01T09:09:49.316Z [info]: Iniciando scraping para o termo: "c++"
2024-09-01T09:09:49.318Z [info]: Iniciando scraping para Udemy com o termo: c++
2024-09-01T09:10:13.441Z [info]: Scraping completo. 0 cursos encontrados.
2024-09-01T09:10:28.070Z [info]: Iniciando scraping para o termo: "c++"
2024-09-01T09:10:28.073Z [info]: Iniciando scraping para Udemy com o termo: c++
2024-09-01T09:10:40.324Z [info]: Iniciando scraping para o termo: "c++"
2024-09-01T09:10:40.328Z [info]: Iniciando scraping para Udemy com o termo: c++
2024-09-01T09:10:55.725Z [info]: Scraping completo. 0 cursos encontrados.
2024-09-01T09:11:10.054Z [info]: Scraping completo. 0 cursos encontrados.
2024-09-01T09:11:22.801Z [info]: Scraping completo. 0 cursos encontrados.
2024-09-01T09:11:35.389Z [info]: Scraping completo. 0 cursos encontrados.
2024-09-01T09:11:48.495Z [info]: Scraping completo. 0 cursos encontrados.
2024-09-01T09:12:01.659Z [info]: Scraping completo. 0 cursos encontrados.
2024-09-01T09:12:15.121Z [info]: Scraping completo. 0 cursos encontrados.
2024-09-01T09:12:28.176Z [info]: Scraping completo. 0 cursos encontrados.
2024-09-01T09:12:42.263Z [info]: Scraping completo. 0 cursos encontrados.
2024-09-01T09:12:56.528Z [info]: Scraping completo. 0 cursos encontrados.
2024-09-01T09:13:10.129Z [info]: Scraping completo. 0 cursos encontrados.
2024-09-01T09:13:24.922Z [info]: Scraping completo. 0 cursos encontrados.
2024-09-01T09:13:38.379Z [info]: Scraping completo. 0 cursos encontrados.
2024-09-01T09:13:51.358Z [info]: Scraping completo. 0 cursos encontrados.
2024-09-01T09:14:05.368Z [info]: Scraping completo. 0 cursos encontrados.
2024-09-01T09:14:18.118Z [info]: Scraping completo. 0 cursos encontrados.
2024-09-01T09:14:31.833Z [info]: Scraping completo. 0 cursos encontrados.
2024-09-01T09:14:46.264Z [info]: Scraping completo. 0 cursos encontrados.
2024-09-01T09:15:01.140Z [info]: Scraping completo. 0 cursos encontrados.
2024-09-01T09:15:16.703Z [info]: Scraping completo. 0 cursos encontrados.
2024-09-01T09:15:30.517Z [info]: Scraping completo. 0 cursos encontrados.
2024-09-01T09:15:44.251Z [info]: Scraping completo. 0 cursos encontrados.
2024-09-01T09:15:58.712Z [info]: Scraping completo. 0 cursos encontrados.
2024-09-01T09:16:12.996Z [info]: Scraping completo. 0 cursos encontrados.
2024-09-01T09:16:28.009Z [info]: Scraping completo. 0 cursos encontrados.
2024-09-01T09:16:41.833Z [info]: Scraping completo. 0 cursos encontrados.
2024-09-01T09:16:56.200Z [info]: Scraping completo. 0 cursos encontrados.
2024-09-01T09:17:10.350Z [info]: Scraping completo. 0 cursos encontrados.
2024-09-01T09:17:24.871Z [info]: Scraping completo. 0 cursos encontrados.
2024-09-01T09:17:37.903Z [info]: Scraping completo. 0 cursos encontrados.
2024-09-01T09:17:51.253Z [info]: Scraping completo. 0 cursos encontrados.
2024-09-01T09:18:05.181Z [info]: Scraping completo. 0 cursos encontrados.
2024-09-01T09:18:19.578Z [info]: Scraping completo. 0 cursos encontrados.
2024-09-01T09:18:32.301Z [info]: Scraping completo. 0 cursos encontrados.
2024-09-01T09:18:45.989Z [info]: Scraping completo. 0 cursos encontrados.
2024-09-01T09:19:00.212Z [info]: Scraping completo. 0 cursos encontrados.
2024-09-01T09:19:17.200Z [info]: Scraping completo. 0 cursos encontrados.
2024-09-01T09:19:31.785Z [info]: Scraping completo. 0 cursos encontrados.
2024-09-01T09:19:46.211Z [info]: Scraping completo. 0 cursos encontrados.
2024-09-01T09:19:59.552Z [info]: Scraping completo. 0 cursos encontrados.
2024-09-01T09:20:13.303Z [info]: Scraping completo. 0 cursos encontrados.
2024-09-01T09:20:26.614Z [info]: Scraping completo. 0 cursos encontrados.
2024-09-01T09:20:39.708Z [info]: Scraping completo. 0 cursos encontrados.
2024-09-01T09:20:53.923Z [info]: Scraping completo. 0 cursos encontrados.
2024-09-01T09:21:07.065Z [info]: Scraping completo. 0 cursos encontrados.
2024-09-01T09:21:20.113Z [info]: Scraping completo. 0 cursos encontrados.
2024-09-01T09:21:34.462Z [info]: Scraping completo. 0 cursos encontrados.
2024-09-01T09:21:48.716Z [info]: Scraping completo. 0 cursos encontrados.
2024-09-01T09:22:03.696Z [info]: Scraping completo. 0 cursos encontrados.
2024-09-01T09:22:16.945Z [info]: Scraping completo. 0 cursos encontrados.
2024-09-01T09:22:29.628Z [info]: Scraping completo. 0 cursos encontrados.
2024-09-01T09:22:44.386Z [info]: Scraping completo. 0 cursos encontrados.
2024-09-01T09:22:59.208Z [info]: Scraping completo. 0 cursos encontrados.
2024-09-01T09:23:13.491Z [info]: Scraping completo. 0 cursos encontrados.
2024-09-01T09:23:27.631Z [info]: Scraping completo. 0 cursos encontrados.
2024-09-01T09:23:41.193Z [info]: Scraping completo. 0 cursos encontrados.
2024-09-01T09:23:55.278Z [info]: Scraping completo. 0 cursos encontrados.
2024-09-01T09:24:08.392Z [info]: Scraping completo. 0 cursos encontrados.
2024-09-01T09:24:21.662Z [info]: Scraping completo. 0 cursos encontrados.
2024-09-01T09:24:35.763Z [info]: Scraping completo. 0 cursos encontrados.
2024-09-01T09:24:50.096Z [info]: Scraping completo. 0 cursos encontrados.
2024-09-01T09:25:03.629Z [info]: Scraping completo. 0 cursos encontrados.
2024-09-01T09:25:18.458Z [info]: Scraping completo. 0 cursos encontrados.
2024-09-01T09:25:34.361Z [info]: Iniciando scraping para o termo: "c++"
2024-09-01T09:25:34.363Z [info]: Iniciando scraping para Udemy com o termo: c++
2024-09-01T09:26:08.279Z [info]: Iniciando scraping para o termo: "c++"
2024-09-01T09:26:08.282Z [info]: Iniciando scraping para Udemy com o termo: c++
2024-09-01T09:26:51.903Z [info]: Iniciando scraping para o termo: "c++"
2024-09-01T09:26:51.906Z [info]: Iniciando scraping para Udemy com o termo: c++
2024-09-01T09:28:38.197Z [info]: Iniciando scraping para o termo: "c++"
2024-09-01T09:28:38.200Z [info]: Iniciando scraping para Udemy com o termo: c++
2024-09-01T09:33:20.216Z [info]: Iniciando scraping para o termo: "c++"
2024-09-01T09:33:20.219Z [info]: Iniciando scraping para Udemy com o termo: c++
2024-09-01T09:33:28.702Z [info]: Iniciando scraping para o termo: "c++"
2024-09-01T09:33:28.705Z [info]: Iniciando scraping para Udemy com o termo: c++
2024-09-01T09:38:43.578Z [info]: Iniciando scraping para o termo: "c++"
2024-09-01T09:38:43.580Z [info]: Iniciando scraping para Udemy com o termo: c++
2024-09-01T09:41:37.622Z [info]: Iniciando scraping para o termo: "c++"
2024-09-01T09:41:37.625Z [info]: Iniciando scraping para Udemy com o termo: c++
2024-09-01T09:44:42.506Z [error]: Erro ao scrapear a Udemy: Runtime.callFunctionOn timed out. Increase the 'protocolTimeout' setting in launch/connect calls for a higher timeout if needed.
2024-09-01T09:44:42.507Z [error]: Runtime.callFunctionOn timed out. Increase the 'protocolTimeout' setting in launch/connect calls for a higher timeout if needed.
2024-09-01T09:45:26.761Z [info]: Iniciando scraping para o termo: "c++"
2024-09-01T09:45:26.764Z [info]: Iniciando scraping para Udemy com o termo: c++
2024-09-01T09:46:15.746Z [info]: Iniciando scraping para o termo: "c++"
2024-09-01T09:46:15.748Z [info]: Iniciando scraping para Udemy com o termo: c++
2024-09-01T09:47:07.529Z [info]: Iniciando scraping para o termo: "c++"
2024-09-01T09:47:07.532Z [info]: Iniciando scraping para Udemy com o termo: c++
2024-09-01T09:48:50.731Z [error]: Erro ao scrapear a Udemy: Protocol error (Runtime.callFunctionOn): Target closed
2024-09-01T09:49:57.110Z [info]: Iniciando scraping para o termo: "c++"
2024-09-01T09:49:57.113Z [info]: Iniciando scraping para Udemy com o termo: c++
2024-09-01T09:52:32.979Z [info]: Iniciando scraping para o termo: "c++"
2024-09-01T09:52:32.983Z [info]: Iniciando scraping para Udemy com o termo: c++
2024-09-01T09:56:03.968Z [info]: Iniciando scraping para o termo: "c++"
2024-09-01T09:56:03.970Z [info]: Iniciando scraping para Udemy com o termo: c++
2024-09-01T09:56:07.992Z [info]: Scraping completo. 0 cursos encontrados.
2024-09-01T09:56:36.795Z [error]: Erro ao scrapear a Udemy: Navigating frame was detached
2024-09-01T09:57:14.339Z [info]: Iniciando scraping para o termo: "c++"
2024-09-01T09:57:14.342Z [info]: Iniciando scraping para Udemy com o termo: c++
2024-09-01T09:57:18.987Z [info]: Scraping completo. 0 cursos encontrados.
2024-09-01T09:57:44.486Z [info]: Iniciando scraping para o termo: "c++"
2024-09-01T09:57:44.489Z [info]: Iniciando scraping para Udemy com o termo: c++
2024-09-01T09:57:50.338Z [info]: Scraping completo. 0 cursos encontrados.
2024-09-01T09:58:09.242Z [info]: Iniciando scraping para o termo: "c++"
2024-09-01T09:58:09.244Z [info]: Iniciando scraping para Udemy com o termo: c++
2024-09-01T09:58:14.448Z [info]: Scraping completo. 0 cursos encontrados.
2024-09-01T09:58:58.802Z [error]: Erro ao scrapear a Udemy: Execution context was destroyed, most likely because of a navigation.
2024-09-01T09:58:58.803Z [error]: Execution context was destroyed, most likely because of a navigation.
2024-09-01T10:00:43.583Z [info]: Iniciando scraping para o termo: "c++"
2024-09-01T10:00:43.586Z [info]: Iniciando scraping para Udemy com o termo: c++
2024-09-01T10:00:50.860Z [info]: Iniciando scraping para o termo: "c++"
2024-09-01T10:00:50.863Z [info]: Iniciando scraping para Udemy com o termo: c++
2024-09-01T10:00:56.260Z [info]: Scraping completo. 0 cursos encontrados.
2024-09-01T10:03:47.228Z [error]: Erro ao scrapear a Udemy: Protocol error (Runtime.callFunctionOn): Target closed
2024-09-01T10:04:48.995Z [info]: Iniciando scraping para o termo: "c++"
2024-09-01T10:04:48.999Z [info]: Iniciando scraping para Udemy com o termo: c++
2024-09-01T10:04:54.773Z [info]: Scraping completo. 0 cursos encontrados.
2024-09-01T10:06:07.684Z [error]: Erro ao scrapear a Udemy: Protocol error (Runtime.callFunctionOn): Target closed
2024-09-01T10:06:15.395Z [info]: Iniciando scraping para o termo: "c++"
2024-09-01T10:06:15.400Z [info]: Iniciando scraping para Udemy com o termo: c++
2024-09-01T10:06:20.873Z [info]: Scraping completo. 0 cursos encontrados.
2024-09-01T10:06:43.622Z [info]: Iniciando scraping para o termo: "c++"
2024-09-01T10:06:43.625Z [info]: Iniciando scraping para Udemy com o termo: c++
2024-09-01T10:06:48.941Z [info]: Scraping completo. 0 cursos encontrados.
2024-09-01T10:07:08.767Z [error]: Erro ao scrapear a Udemy: Protocol error (Runtime.callFunctionOn): Target closed
2024-09-01T10:07:25.523Z [info]: Iniciando scraping para o termo: "c++"
2024-09-01T10:07:25.526Z [info]: Iniciando scraping para Udemy com o termo: c++
2024-09-01T10:07:31.762Z [info]: Iniciando scraping para o termo: "c++"
2024-09-01T10:07:31.766Z [info]: Iniciando scraping para Udemy com o termo: c++
2024-09-01T10:07:36.904Z [info]: Scraping completo. 0 cursos encontrados.
2024-09-01T10:07:54.158Z [error]: Erro ao scrapear a Udemy: No element found for selector: #shadow-host-button
2024-09-01T10:07:54.159Z [error]: No element found for selector: #shadow-host-button
2024-09-01T10:08:09.658Z [error]: Erro ao scrapear a Udemy: No element found for selector: #shadow-host-button
2024-09-01T10:08:09.659Z [error]: No element found for selector: #shadow-host-button
2024-09-01T10:08:26.001Z [error]: Erro ao scrapear a Udemy: No element found for selector: #shadow-host-button
2024-09-01T10:08:26.001Z [error]: No element found for selector: #shadow-host-button
2024-09-01T10:08:42.085Z [error]: Erro ao scrapear a Udemy: No element found for selector: #shadow-host-button
2024-09-01T10:08:42.086Z [error]: No element found for selector: #shadow-host-button
2024-09-01T10:08:55.015Z [info]: Iniciando scraping para o termo: "c++"
2024-09-01T10:08:55.018Z [info]: Iniciando scraping para Udemy com o termo: c++
2024-09-01T10:08:58.709Z [info]: Iniciando scraping para o termo: "c++"
2024-09-01T10:08:58.711Z [info]: Iniciando scraping para Udemy com o termo: c++
2024-09-01T10:09:03.077Z [info]: Scraping completo. 0 cursos encontrados.
2024-09-01T10:09:19.532Z [error]: Erro ao scrapear a Udemy: No element found for selector: #shadow-host-button
2024-09-01T10:09:19.533Z [error]: No element found for selector: #shadow-host-button
2024-09-01T10:09:34.854Z [error]: Erro ao scrapear a Udemy: No element found for selector: #shadow-host-button
2024-09-01T10:09:34.855Z [error]: No element found for selector: #shadow-host-button
2024-09-01T10:09:50.785Z [error]: Erro ao scrapear a Udemy: No element found for selector: #shadow-host-button
2024-09-01T10:09:50.786Z [error]: No element found for selector: #shadow-host-button
2024-09-01T10:10:06.809Z [error]: Erro ao scrapear a Udemy: No element found for selector: #shadow-host-button
2024-09-01T10:10:06.809Z [error]: No element found for selector: #shadow-host-button
2024-09-01T10:10:23.504Z [error]: Erro ao scrapear a Udemy: No element found for selector: #shadow-host-button
2024-09-01T10:10:23.505Z [error]: No element found for selector: #shadow-host-button
2024-09-01T10:10:38.179Z [error]: Erro ao scrapear a Udemy: No element found for selector: #shadow-host-button
2024-09-01T10:10:38.180Z [error]: No element found for selector: #shadow-host-button
2024-09-01T10:10:53.542Z [error]: Erro ao scrapear a Udemy: No element found for selector: #shadow-host-button
2024-09-01T10:10:53.543Z [error]: No element found for selector: #shadow-host-button
2024-09-01T10:11:08.185Z [error]: Erro ao scrapear a Udemy: No element found for selector: #shadow-host-button
2024-09-01T10:11:08.186Z [error]: No element found for selector: #shadow-host-button
2024-09-01T10:11:22.831Z [error]: Erro ao scrapear a Udemy: No element found for selector: #shadow-host-button
2024-09-01T10:11:22.832Z [error]: No element found for selector: #shadow-host-button
2024-09-01T10:11:38.141Z [error]: Erro ao scrapear a Udemy: No element found for selector: #shadow-host-button
2024-09-01T10:11:38.142Z [error]: No element found for selector: #shadow-host-button
2024-09-01T10:11:54.167Z [error]: Erro ao scrapear a Udemy: No element found for selector: #shadow-host-button
2024-09-01T10:11:54.167Z [error]: No element found for selector: #shadow-host-button
2024-09-01T10:12:09.937Z [error]: Erro ao scrapear a Udemy: No element found for selector: #shadow-host-button
2024-09-01T10:12:09.938Z [error]: No element found for selector: #shadow-host-button
2024-09-01T10:12:25.705Z [error]: Erro ao scrapear a Udemy: No element found for selector: #shadow-host-button
2024-09-01T10:12:25.706Z [error]: No element found for selector: #shadow-host-button
2024-09-01T10:12:41.612Z [error]: Erro ao scrapear a Udemy: No element found for selector: #shadow-host-button
2024-09-01T10:12:41.613Z [error]: No element found for selector: #shadow-host-button
2024-09-01T10:12:57.841Z [error]: Erro ao scrapear a Udemy: No element found for selector: #shadow-host-button
2024-09-01T10:12:57.841Z [error]: No element found for selector: #shadow-host-button
2024-09-01T10:13:03.868Z [info]: Iniciando scraping para o termo: "c++"
2024-09-01T10:13:03.871Z [info]: Iniciando scraping para Udemy com o termo: c++
2024-09-01T10:13:09.999Z [info]: Scraping completo. 0 cursos encontrados.
2024-09-01T10:13:19.853Z [info]: Iniciando scraping para o termo: "c++"
2024-09-01T10:13:19.856Z [info]: Iniciando scraping para Udemy com o termo: c++
2024-09-01T10:13:25.109Z [info]: Scraping completo. 0 cursos encontrados.
2024-09-01T10:13:42.955Z [info]: Iniciando scraping para o termo: "c++"
2024-09-01T10:13:42.958Z [info]: Iniciando scraping para Udemy com o termo: c++
2024-09-01T10:13:49.078Z [info]: Scraping completo. 0 cursos encontrados.
2024-09-01T10:39:47.206Z [info]: Iniciando scraping para o termo: "c++"
2024-09-01T10:39:47.209Z [info]: Iniciando scraping para Udemy com o termo: c++
2024-09-01T10:39:50.820Z [info]: Scraping completo. 0 cursos encontrados.
2024-09-01T10:43:12.207Z [error]: Erro ao scrapear a Udemy: Execution context was destroyed, most likely because of a navigation.
2024-09-01T10:43:12.208Z [error]: Execution context was destroyed, most likely because of a navigation.
2024-09-01T10:47:08.420Z [info]: Iniciando scraping para o termo: "c++"
2024-09-01T10:47:08.423Z [info]: Iniciando scraping para Udemy com o termo: c++
2024-09-01T10:47:13.827Z [info]: Scraping completo. 0 cursos encontrados.
2024-09-01T10:49:09.004Z [info]: Iniciando scraping para o termo: "c++"
2024-09-01T10:49:09.007Z [info]: Iniciando scraping para Udemy com o termo: c++
2024-09-01T10:49:14.350Z [info]: Scraping completo. 0 cursos encontrados.
2024-09-01T17:14:38.936Z [info]: Iniciando scraping para o termo: "c++"
2024-09-01T17:14:38.938Z [info]: Iniciando scraping para Udemy com o termo: c++
2024-09-01T17:14:44.094Z [info]: Scraping completo. 0 cursos encontrados.
2024-09-01T17:16:32.647Z [info]: Iniciando scraping para o termo: "c++"
2024-09-01T17:16:32.649Z [info]: Iniciando scraping para Udemy com o termo: c++
2024-09-01T17:16:38.320Z [info]: Scraping completo. 0 cursos encontrados.
2024-09-01T17:17:05.382Z [info]: Iniciando scraping para o termo: "c++"
2024-09-01T17:17:05.384Z [info]: Iniciando scraping para Udemy com o termo: c++
2024-09-01T17:17:10.767Z [info]: Scraping completo. 0 cursos encontrados.
2024-09-01T17:18:13.699Z [info]: Iniciando scraping para o termo: "c++"
2024-09-01T17:18:13.702Z [info]: Iniciando scraping para Udemy com o termo: c++
2024-09-01T17:18:17.554Z [info]: Scraping completo. 0 cursos encontrados.
2024-09-01T17:18:52.985Z [info]: Iniciando scraping para o termo: "c++"
2024-09-01T17:18:52.988Z [info]: Iniciando scraping para Udemy com o termo: c++
2024-09-01T17:18:58.493Z [info]: Scraping completo. 0 cursos encontrados.
2024-09-01T17:23:47.201Z [error]: Erro ao scrapear a Udemy: Execution context was destroyed, most likely because of a navigation.
2024-09-01T17:23:47.202Z [error]: Execution context was destroyed, most likely because of a navigation.
2024-09-01T17:24:23.404Z [error]: Erro ao scrapear a Udemy: Protocol error (Runtime.callFunctionOn): Target closed
2024-09-01T17:24:30.170Z [info]: Iniciando scraping para o termo: "c++"
2024-09-01T17:24:30.172Z [info]: Iniciando scraping para Udemy com o termo: c++
2024-09-01T17:24:35.848Z [info]: Scraping completo. 0 cursos encontrados.
2024-09-01T17:27:21.001Z [info]: Iniciando scraping para o termo: "c++"
2024-09-01T17:27:21.003Z [info]: Iniciando scraping para Udemy com o termo: c++
2024-09-01T17:27:28.976Z [info]: Scraping completo. 0 cursos encontrados.
2024-09-01T17:27:45.303Z [info]: Iniciando scraping para o termo: "c++"
2024-09-01T17:27:45.306Z [info]: Iniciando scraping para Udemy com o termo: c++
2024-09-01T17:27:50.650Z [info]: Scraping completo. 0 cursos encontrados.
2024-09-01T17:31:06.756Z [error]: Erro ao scrapear a Udemy: Runtime.callFunctionOn timed out. Increase the 'protocolTimeout' setting in launch/connect calls for a higher timeout if needed.
2024-09-01T17:31:06.757Z [error]: Runtime.callFunctionOn timed out. Increase the 'protocolTimeout' setting in launch/connect calls for a higher timeout if needed.
2024-09-01T17:34:24.523Z [error]: Erro ao scrapear a Udemy: Runtime.callFunctionOn timed out. Increase the 'protocolTimeout' setting in launch/connect calls for a higher timeout if needed.
2024-09-01T17:34:24.524Z [error]: Runtime.callFunctionOn timed out. Increase the 'protocolTimeout' setting in launch/connect calls for a higher timeout if needed.
2024-09-01T17:38:57.679Z [info]: Iniciando scraping para o termo: "c++"
2024-09-01T17:38:57.681Z [info]: Iniciando scraping para Udemy com o termo: c++
2024-09-01T17:39:01.668Z [info]: Scraping completo. 0 cursos encontrados.
2024-09-01T17:39:30.915Z [error]: Erro ao scrapear a Udemy: Cannot read properties of null (reading 'contentFrame')
2024-09-01T17:39:30.917Z [error]: Cannot read properties of null (reading 'contentFrame')
2024-09-01T17:40:10.785Z [error]: Erro ao scrapear a Udemy: Cannot read properties of null (reading 'contentFrame')
2024-09-01T17:40:10.786Z [error]: Cannot read properties of null (reading 'contentFrame')
2024-09-01T17:40:17.347Z [info]: Iniciando scraping para o termo: "c++"
2024-09-01T17:40:17.349Z [info]: Iniciando scraping para Udemy com o termo: c++
2024-09-01T17:40:21.414Z [info]: Scraping completo. 0 cursos encontrados.
2024-09-01T17:41:36.659Z [error]: Erro ao scrapear a Udemy: Cannot read properties of null (reading 'contentFrame')
2024-09-01T17:41:36.660Z [error]: Cannot read properties of null (reading 'contentFrame')
2024-09-01T17:46:54.876Z [info]: Iniciando scraping para o termo: "c++"
2024-09-01T17:46:54.878Z [info]: Iniciando scraping para Udemy com o termo: c++
2024-09-01T17:47:00.031Z [info]: Scraping completo. 0 cursos encontrados.
2024-09-01T17:47:34.801Z [info]: Iniciando scraping para o termo: "c++"
2024-09-01T17:47:34.803Z [info]: Iniciando scraping para Udemy com o termo: c++
2024-09-01T17:47:40.699Z [info]: Scraping completo. 0 cursos encontrados.
2024-09-01T17:50:05.143Z [info]: Iniciando scraping para o termo: "c++"
2024-09-01T17:50:05.147Z [info]: Iniciando scraping para Udemy com o termo: c++
2024-09-01T17:50:11.567Z [info]: Scraping completo. 0 cursos encontrados.
2024-09-01T17:52:50.118Z [error]: Erro ao scrapear a Udemy: Cannot read properties of null (reading 'contentFrame')
2024-09-01T17:52:50.454Z [error]: Erro ao scrapear a Udemy: Execution context was destroyed, most likely because of a navigation.
2024-09-01T17:52:50.454Z [error]: Execution context was destroyed, most likely because of a navigation.
2024-09-01T17:52:57.096Z [info]: Iniciando scraping para o termo: "c++"
2024-09-01T17:52:57.099Z [info]: Iniciando scraping para Udemy com o termo: c++
2024-09-01T17:53:01.367Z [info]: Scraping completo. 0 cursos encontrados.
2024-09-01T17:54:06.455Z [info]: Iniciando scraping para o termo: "c++"
2024-09-01T17:54:06.458Z [info]: Iniciando scraping para Udemy com o termo: c++
2024-09-01T17:54:11.482Z [info]: Scraping completo. 0 cursos encontrados.
2024-09-01T17:57:15.760Z [info]: Iniciando scraping para o termo: "c++"
2024-09-01T17:57:15.763Z [info]: Iniciando scraping para Udemy com o termo: c++
2024-09-01T17:57:19.293Z [info]: Scraping completo. 0 cursos encontrados.
2024-09-01T17:58:14.717Z [info]: Iniciando scraping para o termo: "c++"
2024-09-01T17:58:14.721Z [info]: Iniciando scraping para Udemy com o termo: c++
2024-09-01T17:58:19.817Z [info]: Scraping completo. 0 cursos encontrados.
2024-09-01T17:59:29.396Z [error]: Erro ao scrapear a Udemy: Protocol error (Runtime.callFunctionOn): Target closed
2024-09-01T18:02:35.063Z [info]: Iniciando scraping para o termo: "c++"
2024-09-01T18:02:35.066Z [info]: Iniciando scraping para Udemy com o termo: c++
2024-09-01T18:02:41.050Z [info]: Scraping completo. 0 cursos encontrados.
2024-09-01T18:06:03.332Z [error]: Erro ao scrapear a Udemy: Runtime.callFunctionOn timed out. Increase the 'protocolTimeout' setting in launch/connect calls for a higher timeout if needed.
2024-09-01T18:06:03.333Z [error]: Runtime.callFunctionOn timed out. Increase the 'protocolTimeout' setting in launch/connect calls for a higher timeout if needed.
2024-09-01T18:09:19.400Z [error]: Erro ao scrapear a Udemy: Runtime.callFunctionOn timed out. Increase the 'protocolTimeout' setting in launch/connect calls for a higher timeout if needed.
2024-09-01T18:09:19.401Z [error]: Runtime.callFunctionOn timed out. Increase the 'protocolTimeout' setting in launch/connect calls for a higher timeout if needed.
2024-09-02T14:17:58.451Z [info]: Iniciando scraping para o termo: "c++"
2024-09-02T14:17:58.453Z [info]: Iniciando scraping para Udemy com o termo: c++
2024-09-02T14:18:04.749Z [info]: Scraping completo. 0 cursos encontrados.
2024-09-02T14:18:33.026Z [error]: Erro ao scrapear a Udemy: Protocol error (Runtime.callFunctionOn): Target closed
2024-09-02T14:18:38.598Z [info]: Iniciando scraping para o termo: "c++"
2024-09-02T14:18:38.601Z [info]: Iniciando scraping para Udemy com o termo: c++
2024-09-02T14:18:42.342Z [info]: Iniciando scraping para o termo: "c++"
2024-09-02T14:18:42.344Z [info]: Iniciando scraping para Udemy com o termo: c++
2024-09-02T14:18:47.740Z [info]: Scraping completo. 0 cursos encontrados.
2024-09-02T14:22:54.867Z [error]: Erro ao scrapear a Udemy: Runtime.callFunctionOn timed out. Increase the 'protocolTimeout' setting in launch/connect calls for a higher timeout if needed.
2024-09-02T14:22:54.868Z [error]: Runtime.callFunctionOn timed out. Increase the 'protocolTimeout' setting in launch/connect calls for a higher timeout if needed.
2024-09-02T14:25:39.710Z [info]: Iniciando scraping para o termo: "c++"
2024-09-02T14:25:39.712Z [info]: Iniciando scraping para Udemy com o termo: c++
2024-09-02T14:25:45.213Z [info]: Scraping completo. 0 cursos encontrados.
2024-09-02T14:25:58.316Z [info]: Iniciando scraping para o termo: "c++"
2024-09-02T14:25:58.318Z [info]: Iniciando scraping para Udemy com o termo: c++
2024-09-02T14:26:02.725Z [info]: Scraping completo. 0 cursos encontrados.
2024-09-02T14:28:14.270Z [info]: Iniciando scraping para o termo: "c++"
2024-09-02T14:28:14.272Z [info]: Iniciando scraping para Udemy com o termo: c++
2024-09-02T14:28:19.481Z [info]: Scraping completo. 0 cursos encontrados.
2024-09-02T14:28:53.162Z [info]: Iniciando scraping para o termo: "c++"
2024-09-02T14:28:53.164Z [info]: Iniciando scraping para Udemy com o termo: c++
2024-09-02T14:28:58.092Z [info]: Scraping completo. 0 cursos encontrados.
2024-09-02T14:32:30.339Z [error]: Erro ao scrapear a Udemy: Runtime.callFunctionOn timed out. Increase the 'protocolTimeout' setting in launch/connect calls for a higher timeout if needed.
2024-09-02T14:32:30.340Z [error]: Runtime.callFunctionOn timed out. Increase the 'protocolTimeout' setting in launch/connect calls for a higher timeout if needed.
2024-09-02T14:35:46.567Z [error]: Erro ao scrapear a Udemy: Runtime.callFunctionOn timed out. Increase the 'protocolTimeout' setting in launch/connect calls for a higher timeout if needed.
2024-09-02T14:35:46.567Z [error]: Runtime.callFunctionOn timed out. Increase the 'protocolTimeout' setting in launch/connect calls for a higher timeout if needed.
2024-09-02T14:36:00.208Z [info]: Iniciando scraping para o termo: "c++"
2024-09-02T14:36:00.211Z [info]: Iniciando scraping para Udemy com o termo: c++
2024-09-02T14:36:04.787Z [info]: Scraping completo. 0 cursos encontrados.
2024-09-02T14:36:36.486Z [info]: Iniciando scraping para o termo: "c++"
2024-09-02T14:36:36.489Z [info]: Iniciando scraping para Udemy com o termo: c++
2024-09-02T14:36:45.821Z [info]: Scraping completo. 0 cursos encontrados.
2024-09-02T14:41:05.482Z [info]: Iniciando scraping para o termo: "c++"
2024-09-02T14:41:05.484Z [info]: Iniciando scraping para Udemy com o termo: c++
2024-09-02T14:41:10.384Z [info]: Scraping completo. 0 cursos encontrados.
2024-09-02T14:46:03.460Z [error]: Erro ao scrapear a Udemy: Navigation timeout of 30000 ms exceeded
2024-09-02T15:08:01.396Z [info]: Iniciando scraping para o termo: "c++"
2024-09-02T15:08:01.398Z [info]: Iniciando scraping para Udemy com o termo: c++
2024-09-02T15:09:04.216Z [error]: Erro ao scrapear a Udemy: net::ERR_ABORTED at https://www.udemy.com/courses/development/
2024-09-02T15:09:04.218Z [error]: net::ERR_ABORTED at https://www.udemy.com/courses/development/
2024-09-02T15:09:04.233Z [error]: Erro ao scrapear a Udemy: Protocol error (Network.setExtraHTTPHeaders): Target closed
2024-09-02T15:09:15.280Z [info]: Iniciando scraping para o termo: "c++"
2024-09-02T15:09:15.283Z [info]: Iniciando scraping para Udemy com o termo: c++
2024-09-02T15:10:28.997Z [error]: Erro ao scrapear a Udemy: Execution context was destroyed, most likely because of a navigation.
2024-09-02T15:10:28.997Z [error]: Execution context was destroyed, most likely because of a navigation.
2024-09-02T15:10:32.547Z [info]: Scraping completo. 0 cursos encontrados.
2024-09-02T15:10:36.553Z [info]: Scraping completo. 0 cursos encontrados.
2024-09-02T15:10:40.024Z [info]: Scraping completo. 0 cursos encontrados.
2024-09-02T15:10:42.753Z [info]: Scraping completo. 0 cursos encontrados.
2024-09-02T15:10:46.023Z [info]: Scraping completo. 0 cursos encontrados.
2024-09-02T15:10:48.834Z [info]: Scraping completo. 0 cursos encontrados.
2024-09-02T15:10:52.267Z [info]: Scraping completo. 0 cursos encontrados.
2024-09-02T15:10:57.202Z [info]: Scraping completo. 0 cursos encontrados.
2024-09-02T15:11:00.794Z [info]: Scraping completo. 0 cursos encontrados.
2024-09-02T15:11:04.040Z [info]: Scraping completo. 0 cursos encontrados.
2024-09-02T15:11:07.975Z [info]: Scraping completo. 0 cursos encontrados.
2024-09-02T15:11:11.433Z [info]: Scraping completo. 0 cursos encontrados.
2024-09-02T15:11:20.752Z [info]: Scraping completo. 0 cursos encontrados.
2024-09-02T15:11:38.261Z [info]: Iniciando scraping para o termo: "c++"
2024-09-02T15:11:38.264Z [info]: Iniciando scraping para Udemy com o termo: c++
2024-09-02T15:11:45.668Z [error]: Erro ao scrapear a Udemy: Attempted to use detached Frame '4DDB614D4516E963F1CB1015E8594559'.
2024-09-02T15:11:55.976Z [info]: Iniciando scraping para o termo: "c++"
2024-09-02T15:11:55.979Z [info]: Iniciando scraping para Udemy com o termo: c++
2024-09-02T15:12:10.822Z [info]: Iniciando scraping para o termo: "c++"
2024-09-02T15:12:10.824Z [info]: Iniciando scraping para Udemy com o termo: c++
2024-09-02T15:12:41.258Z [error]: Erro ao scrapear a Udemy: Protocol error (Runtime.callFunctionOn): Target closed
2024-09-02T15:12:51.509Z [info]: Iniciando scraping para o termo: "c++"
2024-09-02T15:12:51.512Z [info]: Iniciando scraping para Udemy com o termo: c++
2024-09-02T15:14:42.662Z [error]: Erro ao scrapear a Udemy: Protocol error (Runtime.callFunctionOn): Target closed
2024-09-02T15:17:44.955Z [info]: Iniciando scraping para o termo: "c++"
2024-09-02T15:17:44.957Z [info]: Iniciando scraping para Udemy com o termo: c++
2024-09-02T15:18:41.189Z [info]: Iniciando scraping para o termo: "c++"
2024-09-02T15:18:41.192Z [info]: Iniciando scraping para Udemy com o termo: c++
2024-09-02T15:19:16.923Z [info]: Iniciando scraping para o termo: "c++"
2024-09-02T15:19:16.925Z [info]: Iniciando scraping para Udemy com o termo: c++
2024-09-02T15:20:29.301Z [info]: Iniciando scraping para o termo: "c++"
2024-09-02T15:20:29.304Z [info]: Iniciando scraping para Udemy com o termo: c++
2024-09-02T15:21:01.725Z [info]: Iniciando scraping para o termo: "c++"
2024-09-02T15:21:01.728Z [info]: Iniciando scraping para Udemy com o termo: c++
2024-09-02T15:21:31.362Z [info]: Iniciando scraping para o termo: "c++"
2024-09-02T15:21:31.365Z [info]: Iniciando scraping para Udemy com o termo: c++
2024-09-02T15:23:10.037Z [info]: Iniciando scraping para o termo: "c++"
2024-09-02T15:23:10.040Z [info]: Iniciando scraping para Udemy com o termo: c++
2024-09-02T15:25:45.662Z [info]: Iniciando scraping para o termo: "c++"
2024-09-02T15:25:45.664Z [info]: Iniciando scraping para Udemy com o termo: c++
2024-09-02T15:29:16.559Z [info]: Iniciando scraping para o termo: "c++"
2024-09-02T15:29:16.561Z [info]: Iniciando scraping para Udemy com o termo: c++
2024-09-02T15:31:24.912Z [info]: Iniciando scraping para o termo: "c++"
2024-09-02T15:31:24.915Z [info]: Iniciando scraping para Udemy com o termo: c++
2024-09-02T15:34:41.022Z [error]: Erro ao scrapear a Udemy: Runtime.callFunctionOn timed out. Increase the 'protocolTimeout' setting in launch/connect calls for a higher timeout if needed.
2024-09-02T15:34:41.023Z [error]: Runtime.callFunctionOn timed out. Increase the 'protocolTimeout' setting in launch/connect calls for a higher timeout if needed.
2024-09-02T15:34:59.705Z [error]: Erro ao scrapear a Udemy: Protocol error (Runtime.callFunctionOn): Target closed
2024-09-02T16:08:02.347Z [info]: Iniciando scraping para o termo: "c++"
2024-09-02T16:08:02.351Z [info]: Iniciando scraping para Udemy com o termo: c++
2024-09-02T16:09:10.184Z [error]: Erro ao scrapear a Udemy: Protocol error (Runtime.callFunctionOn): Target closed
2024-09-02T16:09:46.715Z [error]: Erro ao scrapear a Udemy: Protocol error (Page.navigate): Target closed
2024-09-02T16:09:46.716Z [error]: Protocol error (Page.navigate): Target closed
2024-09-02T16:09:47.475Z [info]: Iniciando scraping para o termo: "c++"
2024-09-02T16:09:47.478Z [info]: Iniciando scraping para Udemy com o termo: c++
2024-09-02T16:10:20.961Z [info]: Iniciando scraping para o termo: "c++"
2024-09-02T16:10:20.964Z [info]: Iniciando scraping para Udemy com o termo: c++
2024-09-02T16:12:21.655Z [info]: Iniciando scraping para o termo: "c++"
2024-09-02T16:12:21.658Z [info]: Iniciando scraping para Udemy com o termo: c++
2024-09-02T16:14:31.994Z [info]: Iniciando scraping para o termo: "c++"
2024-09-02T16:14:31.996Z [info]: Iniciando scraping para Udemy com o termo: c++
2024-09-02T16:17:34.288Z [error]: Erro ao scrapear a Udemy: Navigating frame was detached
2024-09-02T16:17:34.291Z [error]: Navigating frame was detached
2024-09-02T16:24:50.730Z [info]: Iniciando scraping para o termo: "c++"
2024-09-02T16:24:50.733Z [info]: Iniciando scraping para Udemy com o termo: c++
2024-09-02T16:25:10.238Z [error]: Erro ao scrapear a Udemy: Navigating frame was detached
2024-09-02T16:25:10.239Z [error]: Navigating frame was detached
2024-09-02T16:25:44.198Z [info]: Iniciando scraping para o termo: "c++"
2024-09-02T16:25:44.200Z [info]: Iniciando scraping para Udemy com o termo: c++
2024-09-02T16:26:46.441Z [error]: Erro ao scrapear a Udemy: net::ERR_ABORTED at https://www.udemy.com/courses/finance-and-accounting/
2024-09-02T16:26:46.443Z [error]: net::ERR_ABORTED at https://www.udemy.com/courses/finance-and-accounting/
2024-09-02T16:30:58.142Z [info]: Iniciando scraping para o termo: "c++"
2024-09-02T16:30:58.145Z [info]: Iniciando scraping para Udemy com o termo: c++
2024-09-02T16:33:29.330Z [info]: Iniciando scraping para o termo: "c++"
2024-09-02T16:33:29.333Z [info]: Iniciando scraping para Udemy com o termo: c++
2024-09-02T16:39:28.672Z [info]: Iniciando scraping para o termo: "c++"
2024-09-02T16:39:28.674Z [info]: Iniciando scraping para Udemy com o termo: c++
2024-09-02T16:40:13.033Z [error]: Erro ao scrapear a Udemy: Protocol error (Runtime.callFunctionOn): Target closed
2024-09-02T16:40:13.036Z [error]: Protocol error (Runtime.callFunctionOn): Target closed
2024-09-02T16:40:53.849Z [info]: Iniciando scraping para o termo: "c++"
2024-09-02T16:40:53.854Z [info]: Iniciando scraping para Udemy com o termo: c++
2024-09-02T16:49:47.139Z [info]: Iniciando scraping para o termo: "c++"
2024-09-02T16:49:47.144Z [info]: Iniciando scraping para Udemy com o termo: c++
2024-09-02T16:57:49.681Z [error]: Erro ao scrapear a Udemy: Runtime.callFunctionOn timed out. Increase the 'protocolTimeout' setting in launch/connect calls for a higher timeout if needed.
2024-09-02T16:57:49.683Z [error]: Runtime.callFunctionOn timed out. Increase the 'protocolTimeout' setting in launch/connect calls for a higher timeout if needed.
2024-09-02T16:58:43.542Z [info]: Iniciando scraping para o termo: "c++"
2024-09-02T16:58:43.545Z [info]: Iniciando scraping para Udemy com o termo: c++
2024-09-02T17:00:58.677Z [info]: Iniciando scraping para o termo: "c++"
2024-09-02T17:00:58.680Z [info]: Iniciando scraping para Udemy com o termo: c++
